2023-10-22 11:14:21,376 [Worker-2: Loading available Gradle versions] INFO  o.e.b.c.i.u.g.PublishedGradleVersions - Gradle version information cache is up-to-date. Trying to read.
2023-10-22 11:33:20,586 [ModalContext] INFO  o.e.m.c.i.e.AbstractTransferListenerAdapter - Downloading https://repo.maven.apache.org/maven2/org/apache/maven/archetypes/maven-archetype-quickstart/1.1/maven-archetype-quickstart-1.1.pom
2023-10-22 11:33:20,658 [ModalContext] INFO  o.e.m.c.i.e.AbstractTransferListenerAdapter - Downloaded https://repo.maven.apache.org/maven2/org/apache/maven/archetypes/maven-archetype-quickstart/1.1/maven-archetype-quickstart-1.1.pom
2023-10-22 11:33:20,736 [ModalContext] INFO  o.e.m.c.i.e.AbstractTransferListenerAdapter - Downloading https://repo.maven.apache.org/maven2/org/apache/maven/archetypes/maven-archetype-bundles/4/maven-archetype-bundles-4.pom
2023-10-22 11:33:20,788 [ModalContext] INFO  o.e.m.c.i.e.AbstractTransferListenerAdapter - Downloaded https://repo.maven.apache.org/maven2/org/apache/maven/archetypes/maven-archetype-bundles/4/maven-archetype-bundles-4.pom
2023-10-22 11:33:20,826 [ModalContext] INFO  o.e.m.c.i.e.AbstractTransferListenerAdapter - Downloading https://repo.maven.apache.org/maven2/org/apache/maven/archetype/maven-archetype/2.0-alpha-5/maven-archetype-2.0-alpha-5.pom
2023-10-22 11:33:20,879 [ModalContext] INFO  o.e.m.c.i.e.AbstractTransferListenerAdapter - Downloaded https://repo.maven.apache.org/maven2/org/apache/maven/archetype/maven-archetype/2.0-alpha-5/maven-archetype-2.0-alpha-5.pom
2023-10-22 11:33:20,965 [ModalContext] INFO  o.e.m.c.i.e.AbstractTransferListenerAdapter - Downloading https://repo.maven.apache.org/maven2/org/apache/maven/archetypes/maven-archetype-quickstart/1.1/maven-archetype-quickstart-1.1.jar
2023-10-22 11:33:21,040 [ModalContext] INFO  o.e.m.c.i.e.AbstractTransferListenerAdapter - Downloaded https://repo.maven.apache.org/maven2/org/apache/maven/archetypes/maven-archetype-quickstart/1.1/maven-archetype-quickstart-1.1.jar
2023-10-22 11:34:45,465 [Worker-16: Launching mavenrun-51c57fe3-da92-47b9-b824-1e18fbef793a] INFO  o.eclipse.m2e.core.internal.Bundles - getClasspathEntries(Bundle=org.eclipse.m2e.maven.runtime_3.9.400.20230826-0755 [621])
2023-10-22 11:34:45,467 [Worker-16: Launching mavenrun-51c57fe3-da92-47b9-b824-1e18fbef793a] INFO  o.eclipse.m2e.core.internal.Bundles - 	Entry: C:\Users\Yamini Hemavathi D\.p2\pool\plugins\org.eclipse.m2e.maven.runtime_3.9.400.20230826-0755
2023-10-22 11:34:45,468 [Worker-16: Launching mavenrun-51c57fe3-da92-47b9-b824-1e18fbef793a] INFO  o.eclipse.m2e.core.internal.Bundles - 	Entry: C:\Users\Yamini Hemavathi D\.p2\pool\plugins\org.eclipse.m2e.maven.runtime_3.9.400.20230826-0755\jars\aether-connector-okhttp-0.17.8.jar
2023-10-22 11:34:45,468 [Worker-16: Launching mavenrun-51c57fe3-da92-47b9-b824-1e18fbef793a] INFO  o.eclipse.m2e.core.internal.Bundles - 	Entry: C:\Users\Yamini Hemavathi D\.p2\pool\plugins\org.eclipse.m2e.maven.runtime_3.9.400.20230826-0755\jars\aopalliance-1.0.jar
2023-10-22 11:34:45,469 [Worker-16: Launching mavenrun-51c57fe3-da92-47b9-b824-1e18fbef793a] INFO  o.eclipse.m2e.core.internal.Bundles - 	Entry: C:\Users\Yamini Hemavathi D\.p2\pool\plugins\org.eclipse.m2e.maven.runtime_3.9.400.20230826-0755\jars\commons-lang3-3.12.0.jar
2023-10-22 11:34:45,469 [Worker-16: Launching mavenrun-51c57fe3-da92-47b9-b824-1e18fbef793a] INFO  o.eclipse.m2e.core.internal.Bundles - 	Entry: C:\Users\Yamini Hemavathi D\.p2\pool\plugins\org.eclipse.m2e.maven.runtime_3.9.400.20230826-0755\jars\guice-5.1.0.jar
2023-10-22 11:34:45,469 [Worker-16: Launching mavenrun-51c57fe3-da92-47b9-b824-1e18fbef793a] INFO  o.eclipse.m2e.core.internal.Bundles - 	Entry: C:\Users\Yamini Hemavathi D\.p2\pool\plugins\org.eclipse.m2e.maven.runtime_3.9.400.20230826-0755\jars\jansi-2.4.0.jar
2023-10-22 11:34:45,469 [Worker-16: Launching mavenrun-51c57fe3-da92-47b9-b824-1e18fbef793a] INFO  o.eclipse.m2e.core.internal.Bundles - 	Entry: C:\Users\Yamini Hemavathi D\.p2\pool\plugins\org.eclipse.m2e.maven.runtime_3.9.400.20230826-0755\jars\maven-artifact-3.9.4.jar
2023-10-22 11:34:45,469 [Worker-16: Launching mavenrun-51c57fe3-da92-47b9-b824-1e18fbef793a] INFO  o.eclipse.m2e.core.internal.Bundles - 	Entry: C:\Users\Yamini Hemavathi D\.p2\pool\plugins\org.eclipse.m2e.maven.runtime_3.9.400.20230826-0755\jars\maven-builder-support-3.9.4.jar
2023-10-22 11:34:45,470 [Worker-16: Launching mavenrun-51c57fe3-da92-47b9-b824-1e18fbef793a] INFO  o.eclipse.m2e.core.internal.Bundles - 	Entry: C:\Users\Yamini Hemavathi D\.p2\pool\plugins\org.eclipse.m2e.maven.runtime_3.9.400.20230826-0755\jars\maven-compat-3.9.4.jar
2023-10-22 11:34:45,470 [Worker-16: Launching mavenrun-51c57fe3-da92-47b9-b824-1e18fbef793a] INFO  o.eclipse.m2e.core.internal.Bundles - 	Entry: C:\Users\Yamini Hemavathi D\.p2\pool\plugins\org.eclipse.m2e.maven.runtime_3.9.400.20230826-0755\jars\maven-core-3.9.4.jar
2023-10-22 11:34:45,470 [Worker-16: Launching mavenrun-51c57fe3-da92-47b9-b824-1e18fbef793a] INFO  o.eclipse.m2e.core.internal.Bundles - 	Entry: C:\Users\Yamini Hemavathi D\.p2\pool\plugins\org.eclipse.m2e.maven.runtime_3.9.400.20230826-0755\jars\maven-embedder-3.9.4.jar
2023-10-22 11:34:45,470 [Worker-16: Launching mavenrun-51c57fe3-da92-47b9-b824-1e18fbef793a] INFO  o.eclipse.m2e.core.internal.Bundles - 	Entry: C:\Users\Yamini Hemavathi D\.p2\pool\plugins\org.eclipse.m2e.maven.runtime_3.9.400.20230826-0755\jars\maven-model-3.9.4.jar
2023-10-22 11:34:45,470 [Worker-16: Launching mavenrun-51c57fe3-da92-47b9-b824-1e18fbef793a] INFO  o.eclipse.m2e.core.internal.Bundles - 	Entry: C:\Users\Yamini Hemavathi D\.p2\pool\plugins\org.eclipse.m2e.maven.runtime_3.9.400.20230826-0755\jars\maven-model-builder-3.9.4.jar
2023-10-22 11:34:45,470 [Worker-16: Launching mavenrun-51c57fe3-da92-47b9-b824-1e18fbef793a] INFO  o.eclipse.m2e.core.internal.Bundles - 	Entry: C:\Users\Yamini Hemavathi D\.p2\pool\plugins\org.eclipse.m2e.maven.runtime_3.9.400.20230826-0755\jars\maven-plugin-api-3.9.4.jar
2023-10-22 11:34:45,471 [Worker-16: Launching mavenrun-51c57fe3-da92-47b9-b824-1e18fbef793a] INFO  o.eclipse.m2e.core.internal.Bundles - 	Entry: C:\Users\Yamini Hemavathi D\.p2\pool\plugins\org.eclipse.m2e.maven.runtime_3.9.400.20230826-0755\jars\maven-repository-metadata-3.9.4.jar
2023-10-22 11:34:45,471 [Worker-16: Launching mavenrun-51c57fe3-da92-47b9-b824-1e18fbef793a] INFO  o.eclipse.m2e.core.internal.Bundles - 	Entry: C:\Users\Yamini Hemavathi D\.p2\pool\plugins\org.eclipse.m2e.maven.runtime_3.9.400.20230826-0755\jars\maven-resolver-api-1.9.14.jar
2023-10-22 11:34:45,471 [Worker-16: Launching mavenrun-51c57fe3-da92-47b9-b824-1e18fbef793a] INFO  o.eclipse.m2e.core.internal.Bundles - 	Entry: C:\Users\Yamini Hemavathi D\.p2\pool\plugins\org.eclipse.m2e.maven.runtime_3.9.400.20230826-0755\jars\maven-resolver-connector-basic-1.9.14.jar
2023-10-22 11:34:45,471 [Worker-16: Launching mavenrun-51c57fe3-da92-47b9-b824-1e18fbef793a] INFO  o.eclipse.m2e.core.internal.Bundles - 	Entry: C:\Users\Yamini Hemavathi D\.p2\pool\plugins\org.eclipse.m2e.maven.runtime_3.9.400.20230826-0755\jars\maven-resolver-impl-1.9.14.jar
2023-10-22 11:34:45,471 [Worker-16: Launching mavenrun-51c57fe3-da92-47b9-b824-1e18fbef793a] INFO  o.eclipse.m2e.core.internal.Bundles - 	Entry: C:\Users\Yamini Hemavathi D\.p2\pool\plugins\org.eclipse.m2e.maven.runtime_3.9.400.20230826-0755\jars\maven-resolver-named-locks-1.9.14.jar
2023-10-22 11:34:45,471 [Worker-16: Launching mavenrun-51c57fe3-da92-47b9-b824-1e18fbef793a] INFO  o.eclipse.m2e.core.internal.Bundles - 	Entry: C:\Users\Yamini Hemavathi D\.p2\pool\plugins\org.eclipse.m2e.maven.runtime_3.9.400.20230826-0755\jars\maven-resolver-provider-3.9.4.jar
2023-10-22 11:34:45,472 [Worker-16: Launching mavenrun-51c57fe3-da92-47b9-b824-1e18fbef793a] INFO  o.eclipse.m2e.core.internal.Bundles - 	Entry: C:\Users\Yamini Hemavathi D\.p2\pool\plugins\org.eclipse.m2e.maven.runtime_3.9.400.20230826-0755\jars\maven-resolver-spi-1.9.14.jar
2023-10-22 11:34:45,472 [Worker-16: Launching mavenrun-51c57fe3-da92-47b9-b824-1e18fbef793a] INFO  o.eclipse.m2e.core.internal.Bundles - 	Entry: C:\Users\Yamini Hemavathi D\.p2\pool\plugins\org.eclipse.m2e.maven.runtime_3.9.400.20230826-0755\jars\maven-resolver-transport-wagon-1.9.14.jar
2023-10-22 11:34:45,472 [Worker-16: Launching mavenrun-51c57fe3-da92-47b9-b824-1e18fbef793a] INFO  o.eclipse.m2e.core.internal.Bundles - 	Entry: C:\Users\Yamini Hemavathi D\.p2\pool\plugins\org.eclipse.m2e.maven.runtime_3.9.400.20230826-0755\jars\maven-resolver-util-1.9.14.jar
2023-10-22 11:34:45,472 [Worker-16: Launching mavenrun-51c57fe3-da92-47b9-b824-1e18fbef793a] INFO  o.eclipse.m2e.core.internal.Bundles - 	Entry: C:\Users\Yamini Hemavathi D\.p2\pool\plugins\org.eclipse.m2e.maven.runtime_3.9.400.20230826-0755\jars\maven-settings-3.9.4.jar
2023-10-22 11:34:45,472 [Worker-16: Launching mavenrun-51c57fe3-da92-47b9-b824-1e18fbef793a] INFO  o.eclipse.m2e.core.internal.Bundles - 	Entry: C:\Users\Yamini Hemavathi D\.p2\pool\plugins\org.eclipse.m2e.maven.runtime_3.9.400.20230826-0755\jars\maven-settings-builder-3.9.4.jar
2023-10-22 11:34:45,472 [Worker-16: Launching mavenrun-51c57fe3-da92-47b9-b824-1e18fbef793a] INFO  o.eclipse.m2e.core.internal.Bundles - 	Entry: C:\Users\Yamini Hemavathi D\.p2\pool\plugins\org.eclipse.m2e.maven.runtime_3.9.400.20230826-0755\jars\maven-shared-utils-3.3.4.jar
2023-10-22 11:34:45,473 [Worker-16: Launching mavenrun-51c57fe3-da92-47b9-b824-1e18fbef793a] INFO  o.eclipse.m2e.core.internal.Bundles - 	Entry: C:\Users\Yamini Hemavathi D\.p2\pool\plugins\org.eclipse.m2e.maven.runtime_3.9.400.20230826-0755\jars\okhttp-3.14.1.jar
2023-10-22 11:34:45,473 [Worker-16: Launching mavenrun-51c57fe3-da92-47b9-b824-1e18fbef793a] INFO  o.eclipse.m2e.core.internal.Bundles - 	Entry: C:\Users\Yamini Hemavathi D\.p2\pool\plugins\org.eclipse.m2e.maven.runtime_3.9.400.20230826-0755\jars\okio-1.17.3.jar
2023-10-22 11:34:45,473 [Worker-16: Launching mavenrun-51c57fe3-da92-47b9-b824-1e18fbef793a] INFO  o.eclipse.m2e.core.internal.Bundles - 	Entry: C:\Users\Yamini Hemavathi D\.p2\pool\plugins\org.eclipse.m2e.maven.runtime_3.9.400.20230826-0755\jars\org.eclipse.sisu.inject-0.3.5.jar
2023-10-22 11:34:45,473 [Worker-16: Launching mavenrun-51c57fe3-da92-47b9-b824-1e18fbef793a] INFO  o.eclipse.m2e.core.internal.Bundles - 	Entry: C:\Users\Yamini Hemavathi D\.p2\pool\plugins\org.eclipse.m2e.maven.runtime_3.9.400.20230826-0755\jars\org.eclipse.sisu.plexus-0.3.5.jar
2023-10-22 11:34:45,473 [Worker-16: Launching mavenrun-51c57fe3-da92-47b9-b824-1e18fbef793a] INFO  o.eclipse.m2e.core.internal.Bundles - 	Entry: C:\Users\Yamini Hemavathi D\.p2\pool\plugins\org.eclipse.m2e.maven.runtime_3.9.400.20230826-0755\jars\plexus-build-api-0.0.7.jar
2023-10-22 11:34:45,473 [Worker-16: Launching mavenrun-51c57fe3-da92-47b9-b824-1e18fbef793a] INFO  o.eclipse.m2e.core.internal.Bundles - 	Entry: C:\Users\Yamini Hemavathi D\.p2\pool\plugins\org.eclipse.m2e.maven.runtime_3.9.400.20230826-0755\jars\plexus-cipher-2.0.jar
2023-10-22 11:34:45,473 [Worker-16: Launching mavenrun-51c57fe3-da92-47b9-b824-1e18fbef793a] INFO  o.eclipse.m2e.core.internal.Bundles - 	Entry: C:\Users\Yamini Hemavathi D\.p2\pool\plugins\org.eclipse.m2e.maven.runtime_3.9.400.20230826-0755\jars\plexus-classworlds-2.7.0.jar
2023-10-22 11:34:45,474 [Worker-16: Launching mavenrun-51c57fe3-da92-47b9-b824-1e18fbef793a] INFO  o.eclipse.m2e.core.internal.Bundles - 	Entry: C:\Users\Yamini Hemavathi D\.p2\pool\plugins\org.eclipse.m2e.maven.runtime_3.9.400.20230826-0755\jars\plexus-component-annotations-2.1.0.jar
2023-10-22 11:34:45,474 [Worker-16: Launching mavenrun-51c57fe3-da92-47b9-b824-1e18fbef793a] INFO  o.eclipse.m2e.core.internal.Bundles - 	Entry: C:\Users\Yamini Hemavathi D\.p2\pool\plugins\org.eclipse.m2e.maven.runtime_3.9.400.20230826-0755\jars\plexus-interpolation-1.26.jar
2023-10-22 11:34:45,474 [Worker-16: Launching mavenrun-51c57fe3-da92-47b9-b824-1e18fbef793a] INFO  o.eclipse.m2e.core.internal.Bundles - 	Entry: C:\Users\Yamini Hemavathi D\.p2\pool\plugins\org.eclipse.m2e.maven.runtime_3.9.400.20230826-0755\jars\plexus-sec-dispatcher-2.0.jar
2023-10-22 11:34:45,474 [Worker-16: Launching mavenrun-51c57fe3-da92-47b9-b824-1e18fbef793a] INFO  o.eclipse.m2e.core.internal.Bundles - 	Entry: C:\Users\Yamini Hemavathi D\.p2\pool\plugins\org.eclipse.m2e.maven.runtime_3.9.400.20230826-0755\jars\plexus-utils-3.5.1.jar
2023-10-22 11:34:45,474 [Worker-16: Launching mavenrun-51c57fe3-da92-47b9-b824-1e18fbef793a] INFO  o.eclipse.m2e.core.internal.Bundles - 	Entry: C:\Users\Yamini Hemavathi D\.p2\pool\plugins\org.eclipse.m2e.maven.runtime_3.9.400.20230826-0755\jars\wagon-file-3.5.3.jar
2023-10-22 11:34:45,474 [Worker-16: Launching mavenrun-51c57fe3-da92-47b9-b824-1e18fbef793a] INFO  o.eclipse.m2e.core.internal.Bundles - 	Entry: C:\Users\Yamini Hemavathi D\.p2\pool\plugins\org.eclipse.m2e.maven.runtime_3.9.400.20230826-0755\jars\wagon-provider-api-3.5.3.jar
2023-10-22 11:34:45,477 [Worker-16: Launching mavenrun-51c57fe3-da92-47b9-b824-1e18fbef793a] INFO  o.eclipse.m2e.core.internal.Bundles - getClasspathEntries(Bundle=com.google.guava_32.1.2.jre [12])
2023-10-22 11:34:45,477 [Worker-16: Launching mavenrun-51c57fe3-da92-47b9-b824-1e18fbef793a] INFO  o.eclipse.m2e.core.internal.Bundles - 	Entry: C:\Users\Yamini Hemavathi D\.p2\pool\plugins\com.google.guava_32.1.2.jre.jar
2023-10-22 11:34:45,477 [Worker-16: Launching mavenrun-51c57fe3-da92-47b9-b824-1e18fbef793a] INFO  o.eclipse.m2e.core.internal.Bundles - getClasspathEntries(Bundle=slf4j.api_2.0.9 [982])
2023-10-22 11:34:45,478 [Worker-16: Launching mavenrun-51c57fe3-da92-47b9-b824-1e18fbef793a] INFO  o.eclipse.m2e.core.internal.Bundles - 	Entry: C:\Users\Yamini Hemavathi D\.p2\pool\plugins\slf4j.api_2.0.9.jar
2023-10-22 11:34:45,478 [Worker-16: Launching mavenrun-51c57fe3-da92-47b9-b824-1e18fbef793a] INFO  o.eclipse.m2e.core.internal.Bundles - getClasspathEntries(Bundle=javax.inject_1.0.0.v20220405-0441 [38])
2023-10-22 11:34:45,478 [Worker-16: Launching mavenrun-51c57fe3-da92-47b9-b824-1e18fbef793a] INFO  o.eclipse.m2e.core.internal.Bundles - 	Entry: C:\Users\Yamini Hemavathi D\.p2\pool\plugins\javax.inject_1.0.0.v20220405-0441.jar
2023-10-22 11:34:45,479 [Worker-16: Launching mavenrun-51c57fe3-da92-47b9-b824-1e18fbef793a] INFO  o.eclipse.m2e.core.internal.Bundles - getClasspathEntries(Bundle=javax.annotation_1.3.5.v20200909-1856 [36])
2023-10-22 11:34:45,479 [Worker-16: Launching mavenrun-51c57fe3-da92-47b9-b824-1e18fbef793a] INFO  o.eclipse.m2e.core.internal.Bundles - 	Entry: C:\Users\Yamini Hemavathi D\.p2\pool\plugins\javax.annotation_1.3.5.v20200909-1856.jar
2023-10-22 11:34:45,479 [Worker-16: Launching mavenrun-51c57fe3-da92-47b9-b824-1e18fbef793a] INFO  o.eclipse.m2e.core.internal.Bundles - getClasspathEntries(Bundle=org.apache.commons.cli_1.5.0 [73])
2023-10-22 11:34:45,480 [Worker-16: Launching mavenrun-51c57fe3-da92-47b9-b824-1e18fbef793a] INFO  o.eclipse.m2e.core.internal.Bundles - 	Entry: C:\Users\Yamini Hemavathi D\.p2\pool\plugins\org.apache.commons.cli_1.5.0.jar
2023-10-22 11:34:45,480 [Worker-16: Launching mavenrun-51c57fe3-da92-47b9-b824-1e18fbef793a] INFO  o.eclipse.m2e.core.internal.Bundles - getClasspathEntries(Bundle=com.google.guava.failureaccess_1.0.1 [14])
2023-10-22 11:34:45,481 [Worker-16: Launching mavenrun-51c57fe3-da92-47b9-b824-1e18fbef793a] INFO  o.eclipse.m2e.core.internal.Bundles - 	Entry: C:\Users\Yamini Hemavathi D\.p2\pool\plugins\com.google.guava.failureaccess_1.0.1.jar
2023-10-22 11:34:45,692 [Worker-16: Launching mavenrun-51c57fe3-da92-47b9-b824-1e18fbef793a] INFO  o.e.m.i.launch.MavenLaunchDelegate - Run build in "C:\Users\YAMINI~1\AppData\Local\Temp\m2e-archetypeGenerator7972995043202695737":
2023-10-22 11:34:45,696 [Worker-16: Launching mavenrun-51c57fe3-da92-47b9-b824-1e18fbef793a] INFO  o.e.m.i.launch.MavenLaunchDelegate -  mvn  -DarchetypeGroupId=org.apache.maven.archetypes -DarchetypeArtifactId=maven-archetype-quickstart -DarchetypeVersion=1.1 -DgroupId=com.springproject -DartifactId=springmaven -Dversion=0.0.1-SNAPSHOT -Dpackage=com.springproject.springmaven -DoutputDirectory=D:\SpringFramework -Dstyle.color=always -U archetype:generate
2023-10-22 11:35:11,167 [Worker-32: Creating maven-archetype-quickstart] INFO  o.e.m.c.i.p.ProjectConfigurationManager - Collecting project info '/pom.xml' D:\SpringFramework\springmaven\pom.xml
2023-10-22 11:35:12,403 [Worker-32: Creating maven-archetype-quickstart] INFO  o.e.m.c.i.e.AbstractTransferListenerAdapter - Downloading https://repo.maven.apache.org/maven2/org/apache/maven/plugins/maven-surefire-plugin/3.1.2/maven-surefire-plugin-3.1.2.jar
2023-10-22 11:35:12,552 [Worker-32: Creating maven-archetype-quickstart] INFO  o.e.m.c.i.e.AbstractTransferListenerAdapter - Downloaded https://repo.maven.apache.org/maven2/org/apache/maven/plugins/maven-surefire-plugin/3.1.2/maven-surefire-plugin-3.1.2.jar
2023-10-22 11:35:13,678 [Worker-32: Creating maven-archetype-quickstart] INFO  o.e.m.c.i.l.LifecycleMappingFactory - Using org.eclipse.m2e.jdt.JarLifecycleMapping lifecycle mapping for MavenProject: com.springproject:springmaven:0.0.1-SNAPSHOT @ D:\SpringFramework\springmaven\pom.xml.
2023-10-22 11:35:13,804 [Worker-32: Creating maven-archetype-quickstart] INFO  o.e.m.c.i.e.AbstractTransferListenerAdapter - Downloading https://repo.maven.apache.org/maven2/junit/junit/3.8.1/junit-3.8.1.jar
2023-10-22 11:35:13,880 [Worker-32: Creating maven-archetype-quickstart] INFO  o.e.m.c.i.e.AbstractTransferListenerAdapter - Downloaded https://repo.maven.apache.org/maven2/junit/junit/3.8.1/junit-3.8.1.jar
2023-10-22 11:35:13,956 [Worker-32: Creating maven-archetype-quickstart] INFO  o.e.m.c.i.e.AbstractTransferListenerAdapter - Downloading https://repo.maven.apache.org/maven2/org/apache/maven/plugins/maven-surefire-plugin/3.1.2/maven-surefire-plugin-3.1.2.pom
2023-10-22 11:35:14,013 [Worker-32: Creating maven-archetype-quickstart] INFO  o.e.m.c.i.e.AbstractTransferListenerAdapter - Downloaded https://repo.maven.apache.org/maven2/org/apache/maven/plugins/maven-surefire-plugin/3.1.2/maven-surefire-plugin-3.1.2.pom
2023-10-22 11:35:14,065 [Worker-32: Creating maven-archetype-quickstart] INFO  o.e.m.c.i.e.AbstractTransferListenerAdapter - Downloading https://repo.maven.apache.org/maven2/org/apache/maven/surefire/surefire/3.1.2/surefire-3.1.2.pom
2023-10-22 11:35:14,123 [Worker-32: Creating maven-archetype-quickstart] INFO  o.e.m.c.i.e.AbstractTransferListenerAdapter - Downloaded https://repo.maven.apache.org/maven2/org/apache/maven/surefire/surefire/3.1.2/surefire-3.1.2.pom
2023-10-22 11:35:15,307 [Worker-32: Creating maven-archetype-quickstart] INFO  o.e.m.j.i.AbstractJavaProjectConfigurator - Adding source folder /springmaven/src/main/java
2023-10-22 11:35:15,308 [Worker-32: Creating maven-archetype-quickstart] INFO  o.e.m.j.i.AbstractJavaProjectConfigurator - Adding resource folder /springmaven/src/main/resources
2023-10-22 11:35:15,318 [Worker-32: Creating maven-archetype-quickstart] INFO  o.e.m.j.i.AbstractJavaProjectConfigurator - Adding source folder /springmaven/src/test/java
2023-10-22 11:35:15,319 [Worker-32: Creating maven-archetype-quickstart] INFO  o.e.m.j.i.AbstractJavaProjectConfigurator - Adding resource folder /springmaven/src/test/resources
2023-10-22 11:35:15,490 [Worker-32: Creating maven-archetype-quickstart] INFO  o.e.m.c.i.p.ProjectConfigurationManager - Imported and configured 1 project(s) in 4 sec
2023-10-22 11:35:16,181 [Worker-34: Download sources and javadoc] INFO  o.e.m.c.i.e.AbstractTransferListenerAdapter - Downloading https://repo.maven.apache.org/maven2/junit/junit/3.8.1/junit-3.8.1-sources.jar
2023-10-22 11:35:16,293 [Worker-34: Download sources and javadoc] INFO  o.e.m.c.i.e.AbstractTransferListenerAdapter - Downloaded https://repo.maven.apache.org/maven2/junit/junit/3.8.1/junit-3.8.1-sources.jar
2023-10-22 11:35:16,306 [Worker-34: Download sources and javadoc] INFO  o.e.m.j.internal.DownloadSourcesJob - Downloaded sources for junit:junit:3.8.1
2023-10-22 11:35:16,821 [Worker-34: Building] INFO  o.a.m.s.f.DefaultMavenResourcesFiltering - skip non existing resourceDirectory D:\SpringFramework\springmaven\src\main\resources
2023-10-22 11:35:16,825 [Worker-34: Building] INFO  o.a.m.s.f.DefaultMavenResourcesFiltering - skip non existing resourceDirectory D:\SpringFramework\springmaven\src\test\resources
2023-10-22 11:36:10,292 [Worker-16: Launching mavenrun-3ada9c07-7664-48d4-bb38-b81cb173bf63] INFO  o.eclipse.m2e.core.internal.Bundles - getClasspathEntries(Bundle=org.eclipse.m2e.maven.runtime_3.9.400.20230826-0755 [621])
2023-10-22 11:36:10,293 [Worker-16: Launching mavenrun-3ada9c07-7664-48d4-bb38-b81cb173bf63] INFO  o.eclipse.m2e.core.internal.Bundles - 	Entry: C:\Users\Yamini Hemavathi D\.p2\pool\plugins\org.eclipse.m2e.maven.runtime_3.9.400.20230826-0755
2023-10-22 11:36:10,293 [Worker-16: Launching mavenrun-3ada9c07-7664-48d4-bb38-b81cb173bf63] INFO  o.eclipse.m2e.core.internal.Bundles - 	Entry: C:\Users\Yamini Hemavathi D\.p2\pool\plugins\org.eclipse.m2e.maven.runtime_3.9.400.20230826-0755\jars\aether-connector-okhttp-0.17.8.jar
2023-10-22 11:36:10,294 [Worker-16: Launching mavenrun-3ada9c07-7664-48d4-bb38-b81cb173bf63] INFO  o.eclipse.m2e.core.internal.Bundles - 	Entry: C:\Users\Yamini Hemavathi D\.p2\pool\plugins\org.eclipse.m2e.maven.runtime_3.9.400.20230826-0755\jars\aopalliance-1.0.jar
2023-10-22 11:36:10,294 [Worker-16: Launching mavenrun-3ada9c07-7664-48d4-bb38-b81cb173bf63] INFO  o.eclipse.m2e.core.internal.Bundles - 	Entry: C:\Users\Yamini Hemavathi D\.p2\pool\plugins\org.eclipse.m2e.maven.runtime_3.9.400.20230826-0755\jars\commons-lang3-3.12.0.jar
2023-10-22 11:36:10,294 [Worker-16: Launching mavenrun-3ada9c07-7664-48d4-bb38-b81cb173bf63] INFO  o.eclipse.m2e.core.internal.Bundles - 	Entry: C:\Users\Yamini Hemavathi D\.p2\pool\plugins\org.eclipse.m2e.maven.runtime_3.9.400.20230826-0755\jars\guice-5.1.0.jar
2023-10-22 11:36:10,294 [Worker-16: Launching mavenrun-3ada9c07-7664-48d4-bb38-b81cb173bf63] INFO  o.eclipse.m2e.core.internal.Bundles - 	Entry: C:\Users\Yamini Hemavathi D\.p2\pool\plugins\org.eclipse.m2e.maven.runtime_3.9.400.20230826-0755\jars\jansi-2.4.0.jar
2023-10-22 11:36:10,294 [Worker-16: Launching mavenrun-3ada9c07-7664-48d4-bb38-b81cb173bf63] INFO  o.eclipse.m2e.core.internal.Bundles - 	Entry: C:\Users\Yamini Hemavathi D\.p2\pool\plugins\org.eclipse.m2e.maven.runtime_3.9.400.20230826-0755\jars\maven-artifact-3.9.4.jar
2023-10-22 11:36:10,296 [Worker-16: Launching mavenrun-3ada9c07-7664-48d4-bb38-b81cb173bf63] INFO  o.eclipse.m2e.core.internal.Bundles - 	Entry: C:\Users\Yamini Hemavathi D\.p2\pool\plugins\org.eclipse.m2e.maven.runtime_3.9.400.20230826-0755\jars\maven-builder-support-3.9.4.jar
2023-10-22 11:36:10,296 [Worker-16: Launching mavenrun-3ada9c07-7664-48d4-bb38-b81cb173bf63] INFO  o.eclipse.m2e.core.internal.Bundles - 	Entry: C:\Users\Yamini Hemavathi D\.p2\pool\plugins\org.eclipse.m2e.maven.runtime_3.9.400.20230826-0755\jars\maven-compat-3.9.4.jar
2023-10-22 11:36:10,296 [Worker-16: Launching mavenrun-3ada9c07-7664-48d4-bb38-b81cb173bf63] INFO  o.eclipse.m2e.core.internal.Bundles - 	Entry: C:\Users\Yamini Hemavathi D\.p2\pool\plugins\org.eclipse.m2e.maven.runtime_3.9.400.20230826-0755\jars\maven-core-3.9.4.jar
2023-10-22 11:36:10,297 [Worker-16: Launching mavenrun-3ada9c07-7664-48d4-bb38-b81cb173bf63] INFO  o.eclipse.m2e.core.internal.Bundles - 	Entry: C:\Users\Yamini Hemavathi D\.p2\pool\plugins\org.eclipse.m2e.maven.runtime_3.9.400.20230826-0755\jars\maven-embedder-3.9.4.jar
2023-10-22 11:36:10,297 [Worker-16: Launching mavenrun-3ada9c07-7664-48d4-bb38-b81cb173bf63] INFO  o.eclipse.m2e.core.internal.Bundles - 	Entry: C:\Users\Yamini Hemavathi D\.p2\pool\plugins\org.eclipse.m2e.maven.runtime_3.9.400.20230826-0755\jars\maven-model-3.9.4.jar
2023-10-22 11:36:10,297 [Worker-16: Launching mavenrun-3ada9c07-7664-48d4-bb38-b81cb173bf63] INFO  o.eclipse.m2e.core.internal.Bundles - 	Entry: C:\Users\Yamini Hemavathi D\.p2\pool\plugins\org.eclipse.m2e.maven.runtime_3.9.400.20230826-0755\jars\maven-model-builder-3.9.4.jar
2023-10-22 11:36:10,297 [Worker-16: Launching mavenrun-3ada9c07-7664-48d4-bb38-b81cb173bf63] INFO  o.eclipse.m2e.core.internal.Bundles - 	Entry: C:\Users\Yamini Hemavathi D\.p2\pool\plugins\org.eclipse.m2e.maven.runtime_3.9.400.20230826-0755\jars\maven-plugin-api-3.9.4.jar
2023-10-22 11:36:10,298 [Worker-16: Launching mavenrun-3ada9c07-7664-48d4-bb38-b81cb173bf63] INFO  o.eclipse.m2e.core.internal.Bundles - 	Entry: C:\Users\Yamini Hemavathi D\.p2\pool\plugins\org.eclipse.m2e.maven.runtime_3.9.400.20230826-0755\jars\maven-repository-metadata-3.9.4.jar
2023-10-22 11:36:10,298 [Worker-16: Launching mavenrun-3ada9c07-7664-48d4-bb38-b81cb173bf63] INFO  o.eclipse.m2e.core.internal.Bundles - 	Entry: C:\Users\Yamini Hemavathi D\.p2\pool\plugins\org.eclipse.m2e.maven.runtime_3.9.400.20230826-0755\jars\maven-resolver-api-1.9.14.jar
2023-10-22 11:36:10,298 [Worker-16: Launching mavenrun-3ada9c07-7664-48d4-bb38-b81cb173bf63] INFO  o.eclipse.m2e.core.internal.Bundles - 	Entry: C:\Users\Yamini Hemavathi D\.p2\pool\plugins\org.eclipse.m2e.maven.runtime_3.9.400.20230826-0755\jars\maven-resolver-connector-basic-1.9.14.jar
2023-10-22 11:36:10,298 [Worker-16: Launching mavenrun-3ada9c07-7664-48d4-bb38-b81cb173bf63] INFO  o.eclipse.m2e.core.internal.Bundles - 	Entry: C:\Users\Yamini Hemavathi D\.p2\pool\plugins\org.eclipse.m2e.maven.runtime_3.9.400.20230826-0755\jars\maven-resolver-impl-1.9.14.jar
2023-10-22 11:36:10,298 [Worker-16: Launching mavenrun-3ada9c07-7664-48d4-bb38-b81cb173bf63] INFO  o.eclipse.m2e.core.internal.Bundles - 	Entry: C:\Users\Yamini Hemavathi D\.p2\pool\plugins\org.eclipse.m2e.maven.runtime_3.9.400.20230826-0755\jars\maven-resolver-named-locks-1.9.14.jar
2023-10-22 11:36:10,298 [Worker-16: Launching mavenrun-3ada9c07-7664-48d4-bb38-b81cb173bf63] INFO  o.eclipse.m2e.core.internal.Bundles - 	Entry: C:\Users\Yamini Hemavathi D\.p2\pool\plugins\org.eclipse.m2e.maven.runtime_3.9.400.20230826-0755\jars\maven-resolver-provider-3.9.4.jar
2023-10-22 11:36:10,298 [Worker-16: Launching mavenrun-3ada9c07-7664-48d4-bb38-b81cb173bf63] INFO  o.eclipse.m2e.core.internal.Bundles - 	Entry: C:\Users\Yamini Hemavathi D\.p2\pool\plugins\org.eclipse.m2e.maven.runtime_3.9.400.20230826-0755\jars\maven-resolver-spi-1.9.14.jar
2023-10-22 11:36:10,299 [Worker-16: Launching mavenrun-3ada9c07-7664-48d4-bb38-b81cb173bf63] INFO  o.eclipse.m2e.core.internal.Bundles - 	Entry: C:\Users\Yamini Hemavathi D\.p2\pool\plugins\org.eclipse.m2e.maven.runtime_3.9.400.20230826-0755\jars\maven-resolver-transport-wagon-1.9.14.jar
2023-10-22 11:36:10,299 [Worker-16: Launching mavenrun-3ada9c07-7664-48d4-bb38-b81cb173bf63] INFO  o.eclipse.m2e.core.internal.Bundles - 	Entry: C:\Users\Yamini Hemavathi D\.p2\pool\plugins\org.eclipse.m2e.maven.runtime_3.9.400.20230826-0755\jars\maven-resolver-util-1.9.14.jar
2023-10-22 11:36:10,299 [Worker-16: Launching mavenrun-3ada9c07-7664-48d4-bb38-b81cb173bf63] INFO  o.eclipse.m2e.core.internal.Bundles - 	Entry: C:\Users\Yamini Hemavathi D\.p2\pool\plugins\org.eclipse.m2e.maven.runtime_3.9.400.20230826-0755\jars\maven-settings-3.9.4.jar
2023-10-22 11:36:10,299 [Worker-16: Launching mavenrun-3ada9c07-7664-48d4-bb38-b81cb173bf63] INFO  o.eclipse.m2e.core.internal.Bundles - 	Entry: C:\Users\Yamini Hemavathi D\.p2\pool\plugins\org.eclipse.m2e.maven.runtime_3.9.400.20230826-0755\jars\maven-settings-builder-3.9.4.jar
2023-10-22 11:36:10,299 [Worker-16: Launching mavenrun-3ada9c07-7664-48d4-bb38-b81cb173bf63] INFO  o.eclipse.m2e.core.internal.Bundles - 	Entry: C:\Users\Yamini Hemavathi D\.p2\pool\plugins\org.eclipse.m2e.maven.runtime_3.9.400.20230826-0755\jars\maven-shared-utils-3.3.4.jar
2023-10-22 11:36:10,299 [Worker-16: Launching mavenrun-3ada9c07-7664-48d4-bb38-b81cb173bf63] INFO  o.eclipse.m2e.core.internal.Bundles - 	Entry: C:\Users\Yamini Hemavathi D\.p2\pool\plugins\org.eclipse.m2e.maven.runtime_3.9.400.20230826-0755\jars\okhttp-3.14.1.jar
2023-10-22 11:36:10,300 [Worker-16: Launching mavenrun-3ada9c07-7664-48d4-bb38-b81cb173bf63] INFO  o.eclipse.m2e.core.internal.Bundles - 	Entry: C:\Users\Yamini Hemavathi D\.p2\pool\plugins\org.eclipse.m2e.maven.runtime_3.9.400.20230826-0755\jars\okio-1.17.3.jar
2023-10-22 11:36:10,300 [Worker-16: Launching mavenrun-3ada9c07-7664-48d4-bb38-b81cb173bf63] INFO  o.eclipse.m2e.core.internal.Bundles - 	Entry: C:\Users\Yamini Hemavathi D\.p2\pool\plugins\org.eclipse.m2e.maven.runtime_3.9.400.20230826-0755\jars\org.eclipse.sisu.inject-0.3.5.jar
2023-10-22 11:36:10,300 [Worker-16: Launching mavenrun-3ada9c07-7664-48d4-bb38-b81cb173bf63] INFO  o.eclipse.m2e.core.internal.Bundles - 	Entry: C:\Users\Yamini Hemavathi D\.p2\pool\plugins\org.eclipse.m2e.maven.runtime_3.9.400.20230826-0755\jars\org.eclipse.sisu.plexus-0.3.5.jar
2023-10-22 11:36:10,300 [Worker-16: Launching mavenrun-3ada9c07-7664-48d4-bb38-b81cb173bf63] INFO  o.eclipse.m2e.core.internal.Bundles - 	Entry: C:\Users\Yamini Hemavathi D\.p2\pool\plugins\org.eclipse.m2e.maven.runtime_3.9.400.20230826-0755\jars\plexus-build-api-0.0.7.jar
2023-10-22 11:36:10,300 [Worker-16: Launching mavenrun-3ada9c07-7664-48d4-bb38-b81cb173bf63] INFO  o.eclipse.m2e.core.internal.Bundles - 	Entry: C:\Users\Yamini Hemavathi D\.p2\pool\plugins\org.eclipse.m2e.maven.runtime_3.9.400.20230826-0755\jars\plexus-cipher-2.0.jar
2023-10-22 11:36:10,300 [Worker-16: Launching mavenrun-3ada9c07-7664-48d4-bb38-b81cb173bf63] INFO  o.eclipse.m2e.core.internal.Bundles - 	Entry: C:\Users\Yamini Hemavathi D\.p2\pool\plugins\org.eclipse.m2e.maven.runtime_3.9.400.20230826-0755\jars\plexus-classworlds-2.7.0.jar
2023-10-22 11:36:10,300 [Worker-16: Launching mavenrun-3ada9c07-7664-48d4-bb38-b81cb173bf63] INFO  o.eclipse.m2e.core.internal.Bundles - 	Entry: C:\Users\Yamini Hemavathi D\.p2\pool\plugins\org.eclipse.m2e.maven.runtime_3.9.400.20230826-0755\jars\plexus-component-annotations-2.1.0.jar
2023-10-22 11:36:10,301 [Worker-16: Launching mavenrun-3ada9c07-7664-48d4-bb38-b81cb173bf63] INFO  o.eclipse.m2e.core.internal.Bundles - 	Entry: C:\Users\Yamini Hemavathi D\.p2\pool\plugins\org.eclipse.m2e.maven.runtime_3.9.400.20230826-0755\jars\plexus-interpolation-1.26.jar
2023-10-22 11:36:10,301 [Worker-16: Launching mavenrun-3ada9c07-7664-48d4-bb38-b81cb173bf63] INFO  o.eclipse.m2e.core.internal.Bundles - 	Entry: C:\Users\Yamini Hemavathi D\.p2\pool\plugins\org.eclipse.m2e.maven.runtime_3.9.400.20230826-0755\jars\plexus-sec-dispatcher-2.0.jar
2023-10-22 11:36:10,301 [Worker-16: Launching mavenrun-3ada9c07-7664-48d4-bb38-b81cb173bf63] INFO  o.eclipse.m2e.core.internal.Bundles - 	Entry: C:\Users\Yamini Hemavathi D\.p2\pool\plugins\org.eclipse.m2e.maven.runtime_3.9.400.20230826-0755\jars\plexus-utils-3.5.1.jar
2023-10-22 11:36:10,301 [Worker-16: Launching mavenrun-3ada9c07-7664-48d4-bb38-b81cb173bf63] INFO  o.eclipse.m2e.core.internal.Bundles - 	Entry: C:\Users\Yamini Hemavathi D\.p2\pool\plugins\org.eclipse.m2e.maven.runtime_3.9.400.20230826-0755\jars\wagon-file-3.5.3.jar
2023-10-22 11:36:10,301 [Worker-16: Launching mavenrun-3ada9c07-7664-48d4-bb38-b81cb173bf63] INFO  o.eclipse.m2e.core.internal.Bundles - 	Entry: C:\Users\Yamini Hemavathi D\.p2\pool\plugins\org.eclipse.m2e.maven.runtime_3.9.400.20230826-0755\jars\wagon-provider-api-3.5.3.jar
2023-10-22 11:36:10,301 [Worker-16: Launching mavenrun-3ada9c07-7664-48d4-bb38-b81cb173bf63] INFO  o.eclipse.m2e.core.internal.Bundles - getClasspathEntries(Bundle=com.google.guava_32.1.2.jre [12])
2023-10-22 11:36:10,302 [Worker-16: Launching mavenrun-3ada9c07-7664-48d4-bb38-b81cb173bf63] INFO  o.eclipse.m2e.core.internal.Bundles - 	Entry: C:\Users\Yamini Hemavathi D\.p2\pool\plugins\com.google.guava_32.1.2.jre.jar
2023-10-22 11:36:10,302 [Worker-16: Launching mavenrun-3ada9c07-7664-48d4-bb38-b81cb173bf63] INFO  o.eclipse.m2e.core.internal.Bundles - getClasspathEntries(Bundle=slf4j.api_2.0.9 [982])
2023-10-22 11:36:10,302 [Worker-16: Launching mavenrun-3ada9c07-7664-48d4-bb38-b81cb173bf63] INFO  o.eclipse.m2e.core.internal.Bundles - 	Entry: C:\Users\Yamini Hemavathi D\.p2\pool\plugins\slf4j.api_2.0.9.jar
2023-10-22 11:36:10,303 [Worker-16: Launching mavenrun-3ada9c07-7664-48d4-bb38-b81cb173bf63] INFO  o.eclipse.m2e.core.internal.Bundles - getClasspathEntries(Bundle=javax.inject_1.0.0.v20220405-0441 [38])
2023-10-22 11:36:10,303 [Worker-16: Launching mavenrun-3ada9c07-7664-48d4-bb38-b81cb173bf63] INFO  o.eclipse.m2e.core.internal.Bundles - 	Entry: C:\Users\Yamini Hemavathi D\.p2\pool\plugins\javax.inject_1.0.0.v20220405-0441.jar
2023-10-22 11:36:10,303 [Worker-16: Launching mavenrun-3ada9c07-7664-48d4-bb38-b81cb173bf63] INFO  o.eclipse.m2e.core.internal.Bundles - getClasspathEntries(Bundle=javax.annotation_1.3.5.v20200909-1856 [36])
2023-10-22 11:36:10,304 [Worker-16: Launching mavenrun-3ada9c07-7664-48d4-bb38-b81cb173bf63] INFO  o.eclipse.m2e.core.internal.Bundles - 	Entry: C:\Users\Yamini Hemavathi D\.p2\pool\plugins\javax.annotation_1.3.5.v20200909-1856.jar
2023-10-22 11:36:10,304 [Worker-16: Launching mavenrun-3ada9c07-7664-48d4-bb38-b81cb173bf63] INFO  o.eclipse.m2e.core.internal.Bundles - getClasspathEntries(Bundle=org.apache.commons.cli_1.5.0 [73])
2023-10-22 11:36:10,304 [Worker-16: Launching mavenrun-3ada9c07-7664-48d4-bb38-b81cb173bf63] INFO  o.eclipse.m2e.core.internal.Bundles - 	Entry: C:\Users\Yamini Hemavathi D\.p2\pool\plugins\org.apache.commons.cli_1.5.0.jar
2023-10-22 11:36:10,304 [Worker-16: Launching mavenrun-3ada9c07-7664-48d4-bb38-b81cb173bf63] INFO  o.eclipse.m2e.core.internal.Bundles - getClasspathEntries(Bundle=com.google.guava.failureaccess_1.0.1 [14])
2023-10-22 11:36:10,304 [Worker-16: Launching mavenrun-3ada9c07-7664-48d4-bb38-b81cb173bf63] INFO  o.eclipse.m2e.core.internal.Bundles - 	Entry: C:\Users\Yamini Hemavathi D\.p2\pool\plugins\com.google.guava.failureaccess_1.0.1.jar
2023-10-22 11:36:10,305 [Worker-16: Launching mavenrun-3ada9c07-7664-48d4-bb38-b81cb173bf63] INFO  o.e.m.i.launch.MavenLaunchDelegate - Run build in "C:\Users\YAMINI~1\AppData\Local\Temp\m2e-archetypeGenerator12524126223871337914":
2023-10-22 11:36:10,306 [Worker-16: Launching mavenrun-3ada9c07-7664-48d4-bb38-b81cb173bf63] INFO  o.e.m.i.launch.MavenLaunchDelegate -  mvn  -DarchetypeGroupId=org.apache.maven.archetypes -DarchetypeArtifactId=maven-archetype-quickstart -DarchetypeVersion=1.1 -DgroupId=com.springproject -DartifactId=SpringUsingMaven -Dversion=0.0.1-SNAPSHOT -Dpackage=com.springproject.SpringUsingMaven -DoutputDirectory=D:\SpringFramework -Dstyle.color=always -U archetype:generate
2023-10-22 11:36:21,603 [Worker-33: Creating maven-archetype-quickstart] INFO  o.e.m.c.i.p.ProjectConfigurationManager - Collecting project info '/pom.xml' D:\SpringFramework\SpringUsingMaven\pom.xml
2023-10-22 11:36:21,863 [Worker-33: Creating maven-archetype-quickstart] INFO  o.e.m.c.i.l.LifecycleMappingFactory - Using org.eclipse.m2e.jdt.JarLifecycleMapping lifecycle mapping for MavenProject: com.springproject:SpringUsingMaven:0.0.1-SNAPSHOT @ D:\SpringFramework\SpringUsingMaven\pom.xml.
2023-10-22 11:36:22,161 [Worker-33: Creating maven-archetype-quickstart] INFO  o.e.m.j.i.AbstractJavaProjectConfigurator - Adding source folder /SpringUsingMaven/src/main/java
2023-10-22 11:36:22,163 [Worker-33: Creating maven-archetype-quickstart] INFO  o.e.m.j.i.AbstractJavaProjectConfigurator - Adding resource folder /SpringUsingMaven/src/main/resources
2023-10-22 11:36:22,166 [Worker-33: Creating maven-archetype-quickstart] INFO  o.e.m.j.i.AbstractJavaProjectConfigurator - Adding source folder /SpringUsingMaven/src/test/java
2023-10-22 11:36:22,166 [Worker-33: Creating maven-archetype-quickstart] INFO  o.e.m.j.i.AbstractJavaProjectConfigurator - Adding resource folder /SpringUsingMaven/src/test/resources
2023-10-22 11:36:22,226 [Worker-33: Creating maven-archetype-quickstart] INFO  o.e.m.c.i.p.ProjectConfigurationManager - Imported and configured 1 project(s) in 0 sec
2023-10-22 11:36:22,492 [Worker-35: Building] INFO  o.a.m.s.f.DefaultMavenResourcesFiltering - skip non existing resourceDirectory D:\SpringFramework\SpringUsingMaven\src\main\resources
2023-10-22 11:36:22,496 [Worker-35: Building] INFO  o.a.m.s.f.DefaultMavenResourcesFiltering - skip non existing resourceDirectory D:\SpringFramework\SpringUsingMaven\src\test\resources
2023-10-22 11:42:41,994 [Worker-41: Building] INFO  o.e.m.c.i.l.LifecycleMappingFactory - Using org.eclipse.m2e.jdt.JarLifecycleMapping lifecycle mapping for MavenProject: com.springproject:springmaven:0.0.1-SNAPSHOT @ D:\SpringFramework\springmaven\pom.xml.
2023-10-22 11:42:42,035 [Worker-41: Building] INFO  o.a.m.s.f.DefaultMavenResourcesFiltering - skip non existing resourceDirectory D:\SpringFramework\springmaven\src\main\resources
2023-10-22 11:42:42,039 [Worker-41: Building] INFO  o.a.m.s.f.DefaultMavenResourcesFiltering - skip non existing resourceDirectory D:\SpringFramework\springmaven\src\test\resources
2023-10-22 11:42:43,246 [Worker-39: Building] INFO  o.a.m.s.f.DefaultMavenResourcesFiltering - skip non existing resourceDirectory D:\SpringFramework\springmaven\src\main\resources
2023-10-22 11:42:43,250 [Worker-39: Building] INFO  o.a.m.s.f.DefaultMavenResourcesFiltering - skip non existing resourceDirectory D:\SpringFramework\springmaven\src\test\resources
2023-10-22 12:15:15,108 [Worker-49: Building] INFO  o.e.m.c.i.l.LifecycleMappingFactory - Using org.eclipse.m2e.jdt.JarLifecycleMapping lifecycle mapping for MavenProject: com.springproject:SpringUsingMaven:0.0.1-SNAPSHOT @ D:\SpringFramework\SpringUsingMaven\pom.xml.
2023-10-22 12:15:15,299 [Worker-49: Building] INFO  o.e.m.c.i.e.AbstractTransferListenerAdapter - Downloading https://repo.maven.apache.org/maven2/org/springframework/spring-context/4.2.5.RELEASE/spring-context-4.2.5.RELEASE.pom
2023-10-22 12:15:15,407 [Worker-49: Building] INFO  o.e.m.c.i.e.AbstractTransferListenerAdapter - Downloaded https://repo.maven.apache.org/maven2/org/springframework/spring-context/4.2.5.RELEASE/spring-context-4.2.5.RELEASE.pom
2023-10-22 12:15:15,458 [Worker-49: Building] INFO  o.e.m.c.i.e.AbstractTransferListenerAdapter - Downloading https://repo.maven.apache.org/maven2/org/springframework/spring-aop/4.2.5.RELEASE/spring-aop-4.2.5.RELEASE.pom
2023-10-22 12:15:15,505 [Worker-49: Building] INFO  o.e.m.c.i.e.AbstractTransferListenerAdapter - Downloaded https://repo.maven.apache.org/maven2/org/springframework/spring-aop/4.2.5.RELEASE/spring-aop-4.2.5.RELEASE.pom
2023-10-22 12:15:15,551 [Worker-49: Building] INFO  o.e.m.c.i.e.AbstractTransferListenerAdapter - Downloading https://repo.maven.apache.org/maven2/org/springframework/spring-beans/4.2.5.RELEASE/spring-beans-4.2.5.RELEASE.pom
2023-10-22 12:15:15,610 [Worker-49: Building] INFO  o.e.m.c.i.e.AbstractTransferListenerAdapter - Downloaded https://repo.maven.apache.org/maven2/org/springframework/spring-beans/4.2.5.RELEASE/spring-beans-4.2.5.RELEASE.pom
2023-10-22 12:15:15,655 [Worker-49: Building] INFO  o.e.m.c.i.e.AbstractTransferListenerAdapter - Downloading https://repo.maven.apache.org/maven2/org/springframework/spring-core/4.2.5.RELEASE/spring-core-4.2.5.RELEASE.pom
2023-10-22 12:15:15,702 [Worker-49: Building] INFO  o.e.m.c.i.e.AbstractTransferListenerAdapter - Downloaded https://repo.maven.apache.org/maven2/org/springframework/spring-core/4.2.5.RELEASE/spring-core-4.2.5.RELEASE.pom
2023-10-22 12:15:15,751 [Worker-49: Building] INFO  o.e.m.c.i.e.AbstractTransferListenerAdapter - Downloading https://repo.maven.apache.org/maven2/org/springframework/spring-expression/4.2.5.RELEASE/spring-expression-4.2.5.RELEASE.pom
2023-10-22 12:15:15,795 [Worker-49: Building] INFO  o.e.m.c.i.e.AbstractTransferListenerAdapter - Downloaded https://repo.maven.apache.org/maven2/org/springframework/spring-expression/4.2.5.RELEASE/spring-expression-4.2.5.RELEASE.pom
2023-10-22 12:15:15,847 [AetherRepositoryConnector-repo.maven.apache.org-0-1] INFO  o.e.m.c.i.e.AbstractTransferListenerAdapter - Downloading https://repo.maven.apache.org/maven2/org/springframework/spring-aop/4.2.5.RELEASE/spring-aop-4.2.5.RELEASE.jar
2023-10-22 12:15:15,929 [AetherRepositoryConnector-repo.maven.apache.org-0-3] INFO  o.e.m.c.i.e.AbstractTransferListenerAdapter - Downloading https://repo.maven.apache.org/maven2/org/springframework/spring-core/4.2.5.RELEASE/spring-core-4.2.5.RELEASE.jar
2023-10-22 12:15:15,929 [AetherRepositoryConnector-repo.maven.apache.org-0-0] INFO  o.e.m.c.i.e.AbstractTransferListenerAdapter - Downloading https://repo.maven.apache.org/maven2/org/springframework/spring-context/4.2.5.RELEASE/spring-context-4.2.5.RELEASE.jar
2023-10-22 12:15:15,929 [AetherRepositoryConnector-repo.maven.apache.org-0-2] INFO  o.e.m.c.i.e.AbstractTransferListenerAdapter - Downloading https://repo.maven.apache.org/maven2/org/springframework/spring-beans/4.2.5.RELEASE/spring-beans-4.2.5.RELEASE.jar
2023-10-22 12:15:15,929 [AetherRepositoryConnector-repo.maven.apache.org-0-4] INFO  o.e.m.c.i.e.AbstractTransferListenerAdapter - Downloading https://repo.maven.apache.org/maven2/org/springframework/spring-expression/4.2.5.RELEASE/spring-expression-4.2.5.RELEASE.jar
2023-10-22 12:15:16,178 [AetherRepositoryConnector-repo.maven.apache.org-0-1] INFO  o.e.m.c.i.e.AbstractTransferListenerAdapter - Downloaded https://repo.maven.apache.org/maven2/org/springframework/spring-aop/4.2.5.RELEASE/spring-aop-4.2.5.RELEASE.jar
2023-10-22 12:15:16,179 [AetherRepositoryConnector-repo.maven.apache.org-0-4] INFO  o.e.m.c.i.e.AbstractTransferListenerAdapter - Downloaded https://repo.maven.apache.org/maven2/org/springframework/spring-expression/4.2.5.RELEASE/spring-expression-4.2.5.RELEASE.jar
2023-10-22 12:15:16,200 [AetherRepositoryConnector-repo.maven.apache.org-0-2] INFO  o.e.m.c.i.e.AbstractTransferListenerAdapter - Downloaded https://repo.maven.apache.org/maven2/org/springframework/spring-beans/4.2.5.RELEASE/spring-beans-4.2.5.RELEASE.jar
2023-10-22 12:15:16,236 [AetherRepositoryConnector-repo.maven.apache.org-0-0] INFO  o.e.m.c.i.e.AbstractTransferListenerAdapter - Downloaded https://repo.maven.apache.org/maven2/org/springframework/spring-context/4.2.5.RELEASE/spring-context-4.2.5.RELEASE.jar
2023-10-22 12:15:16,236 [AetherRepositoryConnector-repo.maven.apache.org-0-3] INFO  o.e.m.c.i.e.AbstractTransferListenerAdapter - Downloaded https://repo.maven.apache.org/maven2/org/springframework/spring-core/4.2.5.RELEASE/spring-core-4.2.5.RELEASE.jar
2023-10-22 12:15:16,347 [Worker-49: Building] INFO  o.a.m.s.f.DefaultMavenResourcesFiltering - skip non existing resourceDirectory D:\SpringFramework\SpringUsingMaven\src\main\resources
2023-10-22 12:15:16,349 [Worker-49: Building] INFO  o.a.m.s.f.DefaultMavenResourcesFiltering - skip non existing resourceDirectory D:\SpringFramework\SpringUsingMaven\src\test\resources
2023-10-22 12:15:17,552 [Worker-53: Download sources and javadoc] INFO  o.e.m.c.i.e.AbstractTransferListenerAdapter - Downloading https://repo.maven.apache.org/maven2/org/springframework/spring-context/4.2.5.RELEASE/spring-context-4.2.5.RELEASE-sources.jar
2023-10-22 12:15:17,830 [Worker-53: Download sources and javadoc] INFO  o.e.m.c.i.e.AbstractTransferListenerAdapter - Downloaded https://repo.maven.apache.org/maven2/org/springframework/spring-context/4.2.5.RELEASE/spring-context-4.2.5.RELEASE-sources.jar
2023-10-22 12:15:17,840 [Worker-53: Download sources and javadoc] INFO  o.e.m.j.internal.DownloadSourcesJob - Downloaded sources for org.springframework:spring-context:4.2.5.RELEASE
2023-10-22 12:15:17,945 [Worker-53: Download sources and javadoc] INFO  o.e.m.c.i.e.AbstractTransferListenerAdapter - Downloading https://repo.maven.apache.org/maven2/org/springframework/spring-aop/4.2.5.RELEASE/spring-aop-4.2.5.RELEASE-sources.jar
2023-10-22 12:15:18,125 [Worker-53: Download sources and javadoc] INFO  o.e.m.c.i.e.AbstractTransferListenerAdapter - Downloaded https://repo.maven.apache.org/maven2/org/springframework/spring-aop/4.2.5.RELEASE/spring-aop-4.2.5.RELEASE-sources.jar
2023-10-22 12:15:18,133 [Worker-53: Download sources and javadoc] INFO  o.e.m.j.internal.DownloadSourcesJob - Downloaded sources for org.springframework:spring-aop:4.2.5.RELEASE
2023-10-22 12:15:18,270 [Worker-53: Download sources and javadoc] INFO  o.e.m.c.i.e.AbstractTransferListenerAdapter - Downloading https://repo.maven.apache.org/maven2/aopalliance/aopalliance/1.0/aopalliance-1.0-sources.jar
2023-10-22 12:15:18,339 [Worker-53: Download sources and javadoc] INFO  o.e.m.c.i.e.AbstractTransferListenerAdapter - Downloaded https://repo.maven.apache.org/maven2/aopalliance/aopalliance/1.0/aopalliance-1.0-sources.jar
2023-10-22 12:15:18,341 [Worker-53: Download sources and javadoc] INFO  o.e.m.j.internal.DownloadSourcesJob - Downloaded sources for aopalliance:aopalliance:1.0
2023-10-22 12:15:18,500 [Worker-53: Download sources and javadoc] INFO  o.e.m.c.i.e.AbstractTransferListenerAdapter - Downloading https://repo.maven.apache.org/maven2/org/springframework/spring-beans/4.2.5.RELEASE/spring-beans-4.2.5.RELEASE-sources.jar
2023-10-22 12:15:18,714 [Worker-53: Download sources and javadoc] INFO  o.e.m.c.i.e.AbstractTransferListenerAdapter - Downloaded https://repo.maven.apache.org/maven2/org/springframework/spring-beans/4.2.5.RELEASE/spring-beans-4.2.5.RELEASE-sources.jar
2023-10-22 12:15:18,724 [Worker-53: Download sources and javadoc] INFO  o.e.m.j.internal.DownloadSourcesJob - Downloaded sources for org.springframework:spring-beans:4.2.5.RELEASE
2023-10-22 12:15:18,902 [Worker-53: Download sources and javadoc] INFO  o.e.m.c.i.e.AbstractTransferListenerAdapter - Downloading https://repo.maven.apache.org/maven2/org/springframework/spring-core/4.2.5.RELEASE/spring-core-4.2.5.RELEASE-sources.jar
2023-10-22 12:15:19,122 [Worker-53: Download sources and javadoc] INFO  o.e.m.c.i.e.AbstractTransferListenerAdapter - Downloaded https://repo.maven.apache.org/maven2/org/springframework/spring-core/4.2.5.RELEASE/spring-core-4.2.5.RELEASE-sources.jar
2023-10-22 12:15:19,131 [Worker-53: Download sources and javadoc] INFO  o.e.m.j.internal.DownloadSourcesJob - Downloaded sources for org.springframework:spring-core:4.2.5.RELEASE
2023-10-22 12:15:19,289 [Worker-53: Download sources and javadoc] INFO  o.e.m.c.i.e.AbstractTransferListenerAdapter - Downloading https://repo.maven.apache.org/maven2/commons-logging/commons-logging/1.2/commons-logging-1.2-sources.jar
2023-10-22 12:15:19,394 [Worker-53: Download sources and javadoc] INFO  o.e.m.c.i.e.AbstractTransferListenerAdapter - Downloaded https://repo.maven.apache.org/maven2/commons-logging/commons-logging/1.2/commons-logging-1.2-sources.jar
2023-10-22 12:15:19,398 [Worker-53: Download sources and javadoc] INFO  o.e.m.j.internal.DownloadSourcesJob - Downloaded sources for commons-logging:commons-logging:1.2
2023-10-22 12:15:19,574 [Worker-53: Download sources and javadoc] INFO  o.e.m.c.i.e.AbstractTransferListenerAdapter - Downloading https://repo.maven.apache.org/maven2/org/springframework/spring-expression/4.2.5.RELEASE/spring-expression-4.2.5.RELEASE-sources.jar
2023-10-22 12:15:19,735 [Worker-53: Download sources and javadoc] INFO  o.e.m.c.i.e.AbstractTransferListenerAdapter - Downloaded https://repo.maven.apache.org/maven2/org/springframework/spring-expression/4.2.5.RELEASE/spring-expression-4.2.5.RELEASE-sources.jar
2023-10-22 12:15:19,743 [Worker-53: Download sources and javadoc] INFO  o.e.m.j.internal.DownloadSourcesJob - Downloaded sources for org.springframework:spring-expression:4.2.5.RELEASE
2023-10-22 12:51:37,427 [Worker-51: Building] INFO  o.e.m.c.i.l.LifecycleMappingFactory - Using org.eclipse.m2e.jdt.JarLifecycleMapping lifecycle mapping for MavenProject: com.springproject:SpringUsingMaven:0.0.1-SNAPSHOT @ D:\SpringFramework\SpringUsingMaven\pom.xml.
2023-10-22 12:51:37,523 [Worker-51: Building] INFO  o.a.m.s.f.DefaultMavenResourcesFiltering - skip non existing resourceDirectory D:\SpringFramework\SpringUsingMaven\src\main\resources
2023-10-22 12:51:37,525 [Worker-51: Building] INFO  o.a.m.s.f.DefaultMavenResourcesFiltering - skip non existing resourceDirectory D:\SpringFramework\SpringUsingMaven\src\test\resources
2023-10-22 13:00:39,446 [Worker-55: Building] INFO  o.a.m.s.f.DefaultMavenResourcesFiltering - skip non existing resourceDirectory D:\SpringFramework\SpringUsingMaven\src\main\resources
2023-10-22 13:00:39,450 [Worker-55: Building] INFO  o.a.m.s.f.DefaultMavenResourcesFiltering - skip non existing resourceDirectory D:\SpringFramework\SpringUsingMaven\src\test\resources
2023-10-22 13:01:35,299 [Worker-51: Building] INFO  o.a.m.s.f.DefaultMavenResourcesFiltering - skip non existing resourceDirectory D:\SpringFramework\SpringUsingMaven\src\main\resources
2023-10-22 13:01:35,301 [Worker-51: Building] INFO  o.a.m.s.f.DefaultMavenResourcesFiltering - skip non existing resourceDirectory D:\SpringFramework\SpringUsingMaven\src\test\resources
2023-10-22 13:02:11,821 [Worker-51: Building] INFO  o.a.m.s.f.DefaultMavenResourcesFiltering - skip non existing resourceDirectory D:\SpringFramework\SpringUsingMaven\src\main\resources
2023-10-22 13:02:11,823 [Worker-51: Building] INFO  o.a.m.s.f.DefaultMavenResourcesFiltering - skip non existing resourceDirectory D:\SpringFramework\SpringUsingMaven\src\test\resources
2023-10-22 13:03:07,168 [Worker-51: Building] INFO  o.a.m.s.f.DefaultMavenResourcesFiltering - skip non existing resourceDirectory D:\SpringFramework\SpringUsingMaven\src\main\resources
2023-10-22 13:03:07,170 [Worker-51: Building] INFO  o.a.m.s.f.DefaultMavenResourcesFiltering - skip non existing resourceDirectory D:\SpringFramework\SpringUsingMaven\src\test\resources
2023-10-22 13:03:41,475 [Worker-57: Building] INFO  o.a.m.s.f.DefaultMavenResourcesFiltering - skip non existing resourceDirectory D:\SpringFramework\SpringUsingMaven\src\main\resources
2023-10-22 13:03:41,476 [Worker-57: Building] INFO  o.a.m.s.f.DefaultMavenResourcesFiltering - skip non existing resourceDirectory D:\SpringFramework\SpringUsingMaven\src\test\resources
2023-10-22 13:05:31,120 [Worker-58: Building] INFO  o.a.m.s.f.DefaultMavenResourcesFiltering - skip non existing resourceDirectory D:\SpringFramework\SpringUsingMaven\src\main\resources
2023-10-22 13:05:31,122 [Worker-58: Building] INFO  o.a.m.s.f.DefaultMavenResourcesFiltering - skip non existing resourceDirectory D:\SpringFramework\SpringUsingMaven\src\test\resources
2023-10-22 13:06:20,519 [Worker-60: Building] INFO  o.a.m.s.f.DefaultMavenResourcesFiltering - skip non existing resourceDirectory D:\SpringFramework\SpringUsingMaven\src\main\resources
2023-10-22 13:06:20,523 [Worker-60: Building] INFO  o.a.m.s.f.DefaultMavenResourcesFiltering - skip non existing resourceDirectory D:\SpringFramework\SpringUsingMaven\src\test\resources
2023-10-22 13:09:50,067 [Worker-62: Building] INFO  o.a.m.s.f.DefaultMavenResourcesFiltering - skip non existing resourceDirectory D:\SpringFramework\SpringUsingMaven\src\main\resources
2023-10-22 13:09:50,071 [Worker-62: Building] INFO  o.a.m.s.f.DefaultMavenResourcesFiltering - skip non existing resourceDirectory D:\SpringFramework\SpringUsingMaven\src\test\resources
2023-10-22 13:10:20,090 [Worker-61: Building] INFO  o.a.m.s.f.DefaultMavenResourcesFiltering - skip non existing resourceDirectory D:\SpringFramework\SpringUsingMaven\src\main\resources
2023-10-22 13:10:20,091 [Worker-61: Building] INFO  o.a.m.s.f.DefaultMavenResourcesFiltering - skip non existing resourceDirectory D:\SpringFramework\SpringUsingMaven\src\test\resources
2023-10-22 13:10:44,030 [Worker-62: Building] INFO  o.a.m.s.f.DefaultMavenResourcesFiltering - skip non existing resourceDirectory D:\SpringFramework\SpringUsingMaven\src\main\resources
2023-10-22 13:10:44,032 [Worker-62: Building] INFO  o.a.m.s.f.DefaultMavenResourcesFiltering - skip non existing resourceDirectory D:\SpringFramework\SpringUsingMaven\src\test\resources
2023-10-22 13:12:21,483 [Worker-61: Building] INFO  o.a.m.s.f.DefaultMavenResourcesFiltering - skip non existing resourceDirectory D:\SpringFramework\SpringUsingMaven\src\main\resources
2023-10-22 13:12:21,486 [Worker-61: Building] INFO  o.a.m.s.f.DefaultMavenResourcesFiltering - skip non existing resourceDirectory D:\SpringFramework\SpringUsingMaven\src\test\resources
2023-10-22 13:12:32,167 [Worker-64: Building] INFO  o.a.m.s.f.DefaultMavenResourcesFiltering - skip non existing resourceDirectory D:\SpringFramework\SpringUsingMaven\src\main\resources
2023-10-22 13:12:32,168 [Worker-64: Building] INFO  o.a.m.s.f.DefaultMavenResourcesFiltering - skip non existing resourceDirectory D:\SpringFramework\SpringUsingMaven\src\test\resources
2023-10-22 13:12:49,717 [Worker-64: Building] INFO  o.a.m.s.f.DefaultMavenResourcesFiltering - skip non existing resourceDirectory D:\SpringFramework\SpringUsingMaven\src\main\resources
2023-10-22 13:12:49,719 [Worker-64: Building] INFO  o.a.m.s.f.DefaultMavenResourcesFiltering - skip non existing resourceDirectory D:\SpringFramework\SpringUsingMaven\src\test\resources
2023-10-22 13:12:59,659 [Worker-64: Building] INFO  o.a.m.s.f.DefaultMavenResourcesFiltering - skip non existing resourceDirectory D:\SpringFramework\SpringUsingMaven\src\main\resources
2023-10-22 13:12:59,661 [Worker-64: Building] INFO  o.a.m.s.f.DefaultMavenResourcesFiltering - skip non existing resourceDirectory D:\SpringFramework\SpringUsingMaven\src\test\resources
2023-10-22 13:13:14,376 [Worker-65: Building] INFO  o.a.m.s.f.DefaultMavenResourcesFiltering - skip non existing resourceDirectory D:\SpringFramework\SpringUsingMaven\src\main\resources
2023-10-22 13:13:14,379 [Worker-65: Building] INFO  o.a.m.s.f.DefaultMavenResourcesFiltering - skip non existing resourceDirectory D:\SpringFramework\SpringUsingMaven\src\test\resources
2023-10-22 13:14:03,970 [Worker-59: Building] INFO  o.a.m.s.f.DefaultMavenResourcesFiltering - skip non existing resourceDirectory D:\SpringFramework\SpringUsingMaven\src\main\resources
2023-10-22 13:14:03,972 [Worker-59: Building] INFO  o.a.m.s.f.DefaultMavenResourcesFiltering - skip non existing resourceDirectory D:\SpringFramework\SpringUsingMaven\src\test\resources
2023-10-22 13:14:26,710 [Worker-61: Building] INFO  o.a.m.s.f.DefaultMavenResourcesFiltering - skip non existing resourceDirectory D:\SpringFramework\SpringUsingMaven\src\main\resources
2023-10-22 13:14:26,713 [Worker-61: Building] INFO  o.a.m.s.f.DefaultMavenResourcesFiltering - skip non existing resourceDirectory D:\SpringFramework\SpringUsingMaven\src\test\resources
2023-10-22 13:41:24,038 [Worker-61: Building] INFO  o.a.m.s.f.DefaultMavenResourcesFiltering - skip non existing resourceDirectory D:\SpringFramework\SpringUsingMaven\src\main\resources
2023-10-22 13:41:24,041 [Worker-61: Building] INFO  o.a.m.s.f.DefaultMavenResourcesFiltering - skip non existing resourceDirectory D:\SpringFramework\SpringUsingMaven\src\test\resources
2023-10-22 13:41:55,298 [Worker-68: Building] INFO  o.a.m.s.f.DefaultMavenResourcesFiltering - skip non existing resourceDirectory D:\SpringFramework\SpringUsingMaven\src\main\resources
2023-10-22 13:41:55,299 [Worker-68: Building] INFO  o.a.m.s.f.DefaultMavenResourcesFiltering - skip non existing resourceDirectory D:\SpringFramework\SpringUsingMaven\src\test\resources
2023-10-22 13:43:49,132 [Worker-66: Building] INFO  o.a.m.s.f.DefaultMavenResourcesFiltering - skip non existing resourceDirectory D:\SpringFramework\SpringUsingMaven\src\main\resources
2023-10-22 13:43:49,134 [Worker-66: Building] INFO  o.a.m.s.f.DefaultMavenResourcesFiltering - skip non existing resourceDirectory D:\SpringFramework\SpringUsingMaven\src\test\resources
2023-10-22 13:45:11,680 [Worker-68: Building] INFO  o.a.m.s.f.DefaultMavenResourcesFiltering - skip non existing resourceDirectory D:\SpringFramework\SpringUsingMaven\src\main\resources
2023-10-22 13:45:11,682 [Worker-68: Building] INFO  o.a.m.s.f.DefaultMavenResourcesFiltering - skip non existing resourceDirectory D:\SpringFramework\SpringUsingMaven\src\test\resources
2023-10-22 13:45:33,421 [Worker-68: Building] INFO  o.a.m.s.f.DefaultMavenResourcesFiltering - skip non existing resourceDirectory D:\SpringFramework\SpringUsingMaven\src\main\resources
2023-10-22 13:45:33,422 [Worker-68: Building] INFO  o.a.m.s.f.DefaultMavenResourcesFiltering - skip non existing resourceDirectory D:\SpringFramework\SpringUsingMaven\src\test\resources
2023-10-22 13:46:39,198 [Worker-72: Building] INFO  o.a.m.s.f.DefaultMavenResourcesFiltering - skip non existing resourceDirectory D:\SpringFramework\SpringUsingMaven\src\main\resources
2023-10-22 13:46:39,200 [Worker-72: Building] INFO  o.a.m.s.f.DefaultMavenResourcesFiltering - skip non existing resourceDirectory D:\SpringFramework\SpringUsingMaven\src\test\resources
2023-10-22 13:47:18,917 [Worker-73: Building] INFO  o.a.m.s.f.DefaultMavenResourcesFiltering - skip non existing resourceDirectory D:\SpringFramework\SpringUsingMaven\src\main\resources
2023-10-22 13:47:18,918 [Worker-73: Building] INFO  o.a.m.s.f.DefaultMavenResourcesFiltering - skip non existing resourceDirectory D:\SpringFramework\SpringUsingMaven\src\test\resources
2023-10-22 13:47:31,610 [Worker-73: Building] INFO  o.a.m.s.f.DefaultMavenResourcesFiltering - skip non existing resourceDirectory D:\SpringFramework\SpringUsingMaven\src\main\resources
2023-10-22 13:47:31,611 [Worker-73: Building] INFO  o.a.m.s.f.DefaultMavenResourcesFiltering - skip non existing resourceDirectory D:\SpringFramework\SpringUsingMaven\src\test\resources
2023-10-22 13:51:17,741 [Worker-76: Building] INFO  o.a.m.s.f.DefaultMavenResourcesFiltering - skip non existing resourceDirectory D:\SpringFramework\SpringUsingMaven\src\main\resources
2023-10-22 13:51:17,742 [Worker-76: Building] INFO  o.a.m.s.f.DefaultMavenResourcesFiltering - skip non existing resourceDirectory D:\SpringFramework\SpringUsingMaven\src\test\resources
2023-10-22 13:53:05,369 [Worker-73: Building] INFO  o.a.m.s.f.DefaultMavenResourcesFiltering - skip non existing resourceDirectory D:\SpringFramework\SpringUsingMaven\src\main\resources
2023-10-22 13:53:05,370 [Worker-73: Building] INFO  o.a.m.s.f.DefaultMavenResourcesFiltering - skip non existing resourceDirectory D:\SpringFramework\SpringUsingMaven\src\test\resources
2023-10-22 13:53:23,567 [Worker-73: Building] INFO  o.a.m.s.f.DefaultMavenResourcesFiltering - skip non existing resourceDirectory D:\SpringFramework\SpringUsingMaven\src\main\resources
2023-10-22 13:53:23,569 [Worker-73: Building] INFO  o.a.m.s.f.DefaultMavenResourcesFiltering - skip non existing resourceDirectory D:\SpringFramework\SpringUsingMaven\src\test\resources
2023-10-22 13:53:32,138 [Worker-77: Building] INFO  o.a.m.s.f.DefaultMavenResourcesFiltering - skip non existing resourceDirectory D:\SpringFramework\SpringUsingMaven\src\main\resources
2023-10-22 13:53:32,139 [Worker-77: Building] INFO  o.a.m.s.f.DefaultMavenResourcesFiltering - skip non existing resourceDirectory D:\SpringFramework\SpringUsingMaven\src\test\resources
2023-10-22 13:54:50,721 [Worker-73: Building] INFO  o.a.m.s.f.DefaultMavenResourcesFiltering - skip non existing resourceDirectory D:\SpringFramework\SpringUsingMaven\src\main\resources
2023-10-22 13:54:50,725 [Worker-73: Building] INFO  o.a.m.s.f.DefaultMavenResourcesFiltering - skip non existing resourceDirectory D:\SpringFramework\SpringUsingMaven\src\test\resources
2023-10-22 13:57:02,834 [Worker-79: Building] INFO  o.a.m.s.f.DefaultMavenResourcesFiltering - skip non existing resourceDirectory D:\SpringFramework\SpringUsingMaven\src\main\resources
2023-10-22 13:57:02,836 [Worker-79: Building] INFO  o.a.m.s.f.DefaultMavenResourcesFiltering - skip non existing resourceDirectory D:\SpringFramework\SpringUsingMaven\src\test\resources
2023-10-22 13:57:08,613 [Worker-73: Building] INFO  o.a.m.s.f.DefaultMavenResourcesFiltering - skip non existing resourceDirectory D:\SpringFramework\SpringUsingMaven\src\main\resources
2023-10-22 13:57:08,614 [Worker-73: Building] INFO  o.a.m.s.f.DefaultMavenResourcesFiltering - skip non existing resourceDirectory D:\SpringFramework\SpringUsingMaven\src\test\resources
2023-10-22 13:58:21,101 [Worker-81: Building] INFO  o.a.m.s.f.DefaultMavenResourcesFiltering - skip non existing resourceDirectory D:\SpringFramework\SpringUsingMaven\src\main\resources
2023-10-22 13:58:21,102 [Worker-81: Building] INFO  o.a.m.s.f.DefaultMavenResourcesFiltering - skip non existing resourceDirectory D:\SpringFramework\SpringUsingMaven\src\test\resources
2023-10-22 13:59:30,706 [Worker-75: Building] INFO  o.a.m.s.f.DefaultMavenResourcesFiltering - skip non existing resourceDirectory D:\SpringFramework\SpringUsingMaven\src\main\resources
2023-10-22 13:59:30,707 [Worker-75: Building] INFO  o.a.m.s.f.DefaultMavenResourcesFiltering - skip non existing resourceDirectory D:\SpringFramework\SpringUsingMaven\src\test\resources
2023-10-22 14:01:52,458 [Worker-84: Building] INFO  o.a.m.s.f.DefaultMavenResourcesFiltering - skip non existing resourceDirectory D:\SpringFramework\SpringUsingMaven\src\main\resources
2023-10-22 14:01:52,459 [Worker-84: Building] INFO  o.a.m.s.f.DefaultMavenResourcesFiltering - skip non existing resourceDirectory D:\SpringFramework\SpringUsingMaven\src\test\resources
2023-10-22 14:03:50,360 [Worker-84: Building] INFO  o.a.m.s.f.DefaultMavenResourcesFiltering - skip non existing resourceDirectory D:\SpringFramework\SpringUsingMaven\src\main\resources
2023-10-22 14:03:50,361 [Worker-84: Building] INFO  o.a.m.s.f.DefaultMavenResourcesFiltering - skip non existing resourceDirectory D:\SpringFramework\SpringUsingMaven\src\test\resources
2023-10-22 14:04:12,136 [Worker-83: Building] INFO  o.a.m.s.f.DefaultMavenResourcesFiltering - skip non existing resourceDirectory D:\SpringFramework\SpringUsingMaven\src\main\resources
2023-10-22 14:04:12,138 [Worker-83: Building] INFO  o.a.m.s.f.DefaultMavenResourcesFiltering - skip non existing resourceDirectory D:\SpringFramework\SpringUsingMaven\src\test\resources
2023-10-22 14:04:41,870 [Worker-87: Building] INFO  o.a.m.s.f.DefaultMavenResourcesFiltering - skip non existing resourceDirectory D:\SpringFramework\SpringUsingMaven\src\main\resources
2023-10-22 14:04:41,872 [Worker-87: Building] INFO  o.a.m.s.f.DefaultMavenResourcesFiltering - skip non existing resourceDirectory D:\SpringFramework\SpringUsingMaven\src\test\resources
2023-10-22 14:05:47,952 [Worker-75: Building] INFO  o.a.m.s.f.DefaultMavenResourcesFiltering - skip non existing resourceDirectory D:\SpringFramework\SpringUsingMaven\src\main\resources
2023-10-22 14:05:47,953 [Worker-75: Building] INFO  o.a.m.s.f.DefaultMavenResourcesFiltering - skip non existing resourceDirectory D:\SpringFramework\SpringUsingMaven\src\test\resources
2023-10-22 14:06:04,041 [Worker-86: Building] INFO  o.a.m.s.f.DefaultMavenResourcesFiltering - skip non existing resourceDirectory D:\SpringFramework\SpringUsingMaven\src\main\resources
2023-10-22 14:06:04,043 [Worker-86: Building] INFO  o.a.m.s.f.DefaultMavenResourcesFiltering - skip non existing resourceDirectory D:\SpringFramework\SpringUsingMaven\src\test\resources
2023-10-22 14:06:49,784 [Worker-83: Building] INFO  o.a.m.s.f.DefaultMavenResourcesFiltering - skip non existing resourceDirectory D:\SpringFramework\SpringUsingMaven\src\main\resources
2023-10-22 14:06:49,785 [Worker-83: Building] INFO  o.a.m.s.f.DefaultMavenResourcesFiltering - skip non existing resourceDirectory D:\SpringFramework\SpringUsingMaven\src\test\resources
2023-10-22 14:07:52,043 [Worker-87: Building] INFO  o.a.m.s.f.DefaultMavenResourcesFiltering - skip non existing resourceDirectory D:\SpringFramework\SpringUsingMaven\src\main\resources
2023-10-22 14:07:52,045 [Worker-87: Building] INFO  o.a.m.s.f.DefaultMavenResourcesFiltering - skip non existing resourceDirectory D:\SpringFramework\SpringUsingMaven\src\test\resources
2023-10-22 14:08:09,739 [Worker-86: Building] INFO  o.a.m.s.f.DefaultMavenResourcesFiltering - skip non existing resourceDirectory D:\SpringFramework\SpringUsingMaven\src\main\resources
2023-10-22 14:08:09,741 [Worker-86: Building] INFO  o.a.m.s.f.DefaultMavenResourcesFiltering - skip non existing resourceDirectory D:\SpringFramework\SpringUsingMaven\src\test\resources
2023-10-22 14:08:13,357 [Worker-84: Building] INFO  o.a.m.s.f.DefaultMavenResourcesFiltering - skip non existing resourceDirectory D:\SpringFramework\SpringUsingMaven\src\main\resources
2023-10-22 14:08:13,358 [Worker-84: Building] INFO  o.a.m.s.f.DefaultMavenResourcesFiltering - skip non existing resourceDirectory D:\SpringFramework\SpringUsingMaven\src\test\resources
2023-10-22 14:08:49,754 [Worker-84: Building] INFO  o.a.m.s.f.DefaultMavenResourcesFiltering - skip non existing resourceDirectory D:\SpringFramework\SpringUsingMaven\src\main\resources
2023-10-22 14:08:49,755 [Worker-84: Building] INFO  o.a.m.s.f.DefaultMavenResourcesFiltering - skip non existing resourceDirectory D:\SpringFramework\SpringUsingMaven\src\test\resources
2023-10-22 14:09:00,150 [Worker-75: Building] INFO  o.a.m.s.f.DefaultMavenResourcesFiltering - skip non existing resourceDirectory D:\SpringFramework\SpringUsingMaven\src\main\resources
2023-10-22 14:09:00,152 [Worker-75: Building] INFO  o.a.m.s.f.DefaultMavenResourcesFiltering - skip non existing resourceDirectory D:\SpringFramework\SpringUsingMaven\src\test\resources
2023-10-22 14:12:50,383 [Worker-87: Building] INFO  o.a.m.s.f.DefaultMavenResourcesFiltering - skip non existing resourceDirectory D:\SpringFramework\SpringUsingMaven\src\main\resources
2023-10-22 14:12:50,385 [Worker-87: Building] INFO  o.a.m.s.f.DefaultMavenResourcesFiltering - skip non existing resourceDirectory D:\SpringFramework\SpringUsingMaven\src\test\resources
2023-10-22 14:15:07,201 [Worker-93: Building] INFO  o.a.m.s.f.DefaultMavenResourcesFiltering - skip non existing resourceDirectory D:\SpringFramework\SpringUsingMaven\src\main\resources
2023-10-22 14:15:07,203 [Worker-93: Building] INFO  o.a.m.s.f.DefaultMavenResourcesFiltering - skip non existing resourceDirectory D:\SpringFramework\SpringUsingMaven\src\test\resources
2023-10-22 14:15:56,865 [Worker-87: Building] INFO  o.a.m.s.f.DefaultMavenResourcesFiltering - skip non existing resourceDirectory D:\SpringFramework\SpringUsingMaven\src\main\resources
2023-10-22 14:15:56,866 [Worker-87: Building] INFO  o.a.m.s.f.DefaultMavenResourcesFiltering - skip non existing resourceDirectory D:\SpringFramework\SpringUsingMaven\src\test\resources
2023-10-22 14:16:44,832 [Worker-87: Building] INFO  o.a.m.s.f.DefaultMavenResourcesFiltering - skip non existing resourceDirectory D:\SpringFramework\SpringUsingMaven\src\main\resources
2023-10-22 14:16:44,834 [Worker-87: Building] INFO  o.a.m.s.f.DefaultMavenResourcesFiltering - skip non existing resourceDirectory D:\SpringFramework\SpringUsingMaven\src\test\resources
2023-10-22 14:22:08,929 [Worker-87: Building] INFO  o.a.m.s.f.DefaultMavenResourcesFiltering - skip non existing resourceDirectory D:\SpringFramework\SpringUsingMaven\src\main\resources
2023-10-22 14:22:08,930 [Worker-87: Building] INFO  o.a.m.s.f.DefaultMavenResourcesFiltering - skip non existing resourceDirectory D:\SpringFramework\SpringUsingMaven\src\test\resources
2023-10-22 14:22:44,146 [Worker-93: Building] INFO  o.a.m.s.f.DefaultMavenResourcesFiltering - skip non existing resourceDirectory D:\SpringFramework\SpringUsingMaven\src\main\resources
2023-10-22 14:22:44,147 [Worker-93: Building] INFO  o.a.m.s.f.DefaultMavenResourcesFiltering - skip non existing resourceDirectory D:\SpringFramework\SpringUsingMaven\src\test\resources
2023-10-22 14:25:22,391 [Worker-101: Building] INFO  o.a.m.s.f.DefaultMavenResourcesFiltering - skip non existing resourceDirectory D:\SpringFramework\SpringUsingMaven\src\main\resources
2023-10-22 14:25:22,394 [Worker-101: Building] INFO  o.a.m.s.f.DefaultMavenResourcesFiltering - skip non existing resourceDirectory D:\SpringFramework\SpringUsingMaven\src\test\resources
2023-10-22 14:25:43,869 [Worker-87: Building] INFO  o.a.m.s.f.DefaultMavenResourcesFiltering - skip non existing resourceDirectory D:\SpringFramework\SpringUsingMaven\src\main\resources
2023-10-22 14:25:43,870 [Worker-87: Building] INFO  o.a.m.s.f.DefaultMavenResourcesFiltering - skip non existing resourceDirectory D:\SpringFramework\SpringUsingMaven\src\test\resources
2023-10-22 14:33:21,812 [Worker-105: Building] INFO  o.a.m.s.f.DefaultMavenResourcesFiltering - skip non existing resourceDirectory D:\SpringFramework\SpringUsingMaven\src\main\resources
2023-10-22 14:33:21,813 [Worker-105: Building] INFO  o.a.m.s.f.DefaultMavenResourcesFiltering - skip non existing resourceDirectory D:\SpringFramework\SpringUsingMaven\src\test\resources
2023-10-22 14:33:36,497 [Worker-104: Building] INFO  o.a.m.s.f.DefaultMavenResourcesFiltering - skip non existing resourceDirectory D:\SpringFramework\SpringUsingMaven\src\main\resources
2023-10-22 14:33:36,498 [Worker-104: Building] INFO  o.a.m.s.f.DefaultMavenResourcesFiltering - skip non existing resourceDirectory D:\SpringFramework\SpringUsingMaven\src\test\resources
2023-10-22 14:34:09,039 [Worker-103: Building] INFO  o.a.m.s.f.DefaultMavenResourcesFiltering - skip non existing resourceDirectory D:\SpringFramework\SpringUsingMaven\src\main\resources
2023-10-22 14:34:09,041 [Worker-103: Building] INFO  o.a.m.s.f.DefaultMavenResourcesFiltering - skip non existing resourceDirectory D:\SpringFramework\SpringUsingMaven\src\test\resources
2023-10-22 14:34:15,257 [Worker-104: Building] INFO  o.a.m.s.f.DefaultMavenResourcesFiltering - skip non existing resourceDirectory D:\SpringFramework\SpringUsingMaven\src\main\resources
2023-10-22 14:34:15,258 [Worker-104: Building] INFO  o.a.m.s.f.DefaultMavenResourcesFiltering - skip non existing resourceDirectory D:\SpringFramework\SpringUsingMaven\src\test\resources
2023-10-22 15:30:34,189 [Worker-113: Building] INFO  o.a.m.s.f.DefaultMavenResourcesFiltering - skip non existing resourceDirectory D:\SpringFramework\SpringUsingMaven\src\main\resources
2023-10-22 15:30:34,191 [Worker-113: Building] INFO  o.a.m.s.f.DefaultMavenResourcesFiltering - skip non existing resourceDirectory D:\SpringFramework\SpringUsingMaven\src\test\resources
2023-10-22 15:32:51,924 [Worker-115: Building] INFO  o.a.m.s.f.DefaultMavenResourcesFiltering - skip non existing resourceDirectory D:\SpringFramework\SpringUsingMaven\src\main\resources
2023-10-22 15:32:51,925 [Worker-115: Building] INFO  o.a.m.s.f.DefaultMavenResourcesFiltering - skip non existing resourceDirectory D:\SpringFramework\SpringUsingMaven\src\test\resources
2023-10-22 15:34:39,515 [Worker-114: Building] INFO  o.a.m.s.f.DefaultMavenResourcesFiltering - skip non existing resourceDirectory D:\SpringFramework\SpringUsingMaven\src\main\resources
2023-10-22 15:34:39,516 [Worker-114: Building] INFO  o.a.m.s.f.DefaultMavenResourcesFiltering - skip non existing resourceDirectory D:\SpringFramework\SpringUsingMaven\src\test\resources
2023-10-22 15:34:45,260 [Worker-113: Building] INFO  o.a.m.s.f.DefaultMavenResourcesFiltering - skip non existing resourceDirectory D:\SpringFramework\SpringUsingMaven\src\main\resources
2023-10-22 15:34:45,262 [Worker-113: Building] INFO  o.a.m.s.f.DefaultMavenResourcesFiltering - skip non existing resourceDirectory D:\SpringFramework\SpringUsingMaven\src\test\resources
2023-10-22 15:34:57,386 [Worker-105: Building] INFO  o.a.m.s.f.DefaultMavenResourcesFiltering - skip non existing resourceDirectory D:\SpringFramework\SpringUsingMaven\src\main\resources
2023-10-22 15:34:57,387 [Worker-105: Building] INFO  o.a.m.s.f.DefaultMavenResourcesFiltering - skip non existing resourceDirectory D:\SpringFramework\SpringUsingMaven\src\test\resources
2023-10-22 15:35:02,743 [Worker-105: Launching App] INFO  o.a.m.s.f.DefaultMavenResourcesFiltering - skip non existing resourceDirectory D:\SpringFramework\SpringUsingMaven\src\main\resources
2023-10-22 15:35:02,745 [Worker-105: Launching App] INFO  o.a.m.s.f.DefaultMavenResourcesFiltering - skip non existing resourceDirectory D:\SpringFramework\SpringUsingMaven\src\test\resources
2023-10-22 15:35:59,029 [Worker-105: Building] INFO  o.a.m.s.f.DefaultMavenResourcesFiltering - skip non existing resourceDirectory D:\SpringFramework\SpringUsingMaven\src\main\resources
2023-10-22 15:35:59,030 [Worker-105: Building] INFO  o.a.m.s.f.DefaultMavenResourcesFiltering - skip non existing resourceDirectory D:\SpringFramework\SpringUsingMaven\src\test\resources
2023-10-22 15:36:11,431 [Worker-114: Building] INFO  o.a.m.s.f.DefaultMavenResourcesFiltering - skip non existing resourceDirectory D:\SpringFramework\SpringUsingMaven\src\main\resources
2023-10-22 15:36:11,432 [Worker-114: Building] INFO  o.a.m.s.f.DefaultMavenResourcesFiltering - skip non existing resourceDirectory D:\SpringFramework\SpringUsingMaven\src\test\resources
2023-10-22 15:37:38,324 [Worker-114: Building] INFO  o.a.m.s.f.DefaultMavenResourcesFiltering - skip non existing resourceDirectory D:\SpringFramework\SpringUsingMaven\src\main\resources
2023-10-22 15:37:38,325 [Worker-114: Building] INFO  o.a.m.s.f.DefaultMavenResourcesFiltering - skip non existing resourceDirectory D:\SpringFramework\SpringUsingMaven\src\test\resources
2023-10-22 15:40:28,484 [Worker-105: Building] INFO  o.a.m.s.f.DefaultMavenResourcesFiltering - skip non existing resourceDirectory D:\SpringFramework\SpringUsingMaven\src\main\resources
2023-10-22 15:40:28,486 [Worker-105: Building] INFO  o.a.m.s.f.DefaultMavenResourcesFiltering - skip non existing resourceDirectory D:\SpringFramework\SpringUsingMaven\src\test\resources
2023-10-22 15:42:26,330 [Worker-105: Building] INFO  o.a.m.s.f.DefaultMavenResourcesFiltering - skip non existing resourceDirectory D:\SpringFramework\SpringUsingMaven\src\main\resources
2023-10-22 15:42:26,331 [Worker-105: Building] INFO  o.a.m.s.f.DefaultMavenResourcesFiltering - skip non existing resourceDirectory D:\SpringFramework\SpringUsingMaven\src\test\resources
2023-10-22 15:45:00,191 [Worker-122: Building] INFO  o.a.m.s.f.DefaultMavenResourcesFiltering - skip non existing resourceDirectory D:\SpringFramework\SpringUsingMaven\src\main\resources
2023-10-22 15:45:00,193 [Worker-122: Building] INFO  o.a.m.s.f.DefaultMavenResourcesFiltering - skip non existing resourceDirectory D:\SpringFramework\SpringUsingMaven\src\test\resources
2023-10-22 15:46:06,091 [Worker-116: Building] INFO  o.a.m.s.f.DefaultMavenResourcesFiltering - skip non existing resourceDirectory D:\SpringFramework\SpringUsingMaven\src\main\resources
2023-10-22 15:46:06,093 [Worker-116: Building] INFO  o.a.m.s.f.DefaultMavenResourcesFiltering - skip non existing resourceDirectory D:\SpringFramework\SpringUsingMaven\src\test\resources
2023-10-22 15:49:48,344 [Worker-116: Building] INFO  o.a.m.s.f.DefaultMavenResourcesFiltering - skip non existing resourceDirectory D:\SpringFramework\SpringUsingMaven\src\main\resources
2023-10-22 15:49:48,346 [Worker-116: Building] INFO  o.a.m.s.f.DefaultMavenResourcesFiltering - skip non existing resourceDirectory D:\SpringFramework\SpringUsingMaven\src\test\resources
2023-10-22 15:59:07,442 [Worker-124: Building] INFO  o.a.m.s.f.DefaultMavenResourcesFiltering - skip non existing resourceDirectory D:\SpringFramework\SpringUsingMaven\src\main\resources
2023-10-22 15:59:07,445 [Worker-124: Building] INFO  o.a.m.s.f.DefaultMavenResourcesFiltering - skip non existing resourceDirectory D:\SpringFramework\SpringUsingMaven\src\test\resources
2023-10-22 16:02:07,881 [Worker-131: Building] INFO  o.a.m.s.f.DefaultMavenResourcesFiltering - skip non existing resourceDirectory D:\SpringFramework\SpringUsingMaven\src\main\resources
2023-10-22 16:02:07,883 [Worker-131: Building] INFO  o.a.m.s.f.DefaultMavenResourcesFiltering - skip non existing resourceDirectory D:\SpringFramework\SpringUsingMaven\src\test\resources
2023-10-22 16:02:38,363 [Worker-127: Building] INFO  o.a.m.s.f.DefaultMavenResourcesFiltering - skip non existing resourceDirectory D:\SpringFramework\SpringUsingMaven\src\main\resources
2023-10-22 16:02:38,366 [Worker-127: Building] INFO  o.a.m.s.f.DefaultMavenResourcesFiltering - skip non existing resourceDirectory D:\SpringFramework\SpringUsingMaven\src\test\resources
2023-10-22 16:03:04,839 [Worker-132: Building] INFO  o.a.m.s.f.DefaultMavenResourcesFiltering - skip non existing resourceDirectory D:\SpringFramework\SpringUsingMaven\src\main\resources
2023-10-22 16:03:04,841 [Worker-132: Building] INFO  o.a.m.s.f.DefaultMavenResourcesFiltering - skip non existing resourceDirectory D:\SpringFramework\SpringUsingMaven\src\test\resources
2023-10-22 16:04:00,408 [Worker-124: Building] INFO  o.a.m.s.f.DefaultMavenResourcesFiltering - skip non existing resourceDirectory D:\SpringFramework\SpringUsingMaven\src\main\resources
2023-10-22 16:04:00,410 [Worker-124: Building] INFO  o.a.m.s.f.DefaultMavenResourcesFiltering - skip non existing resourceDirectory D:\SpringFramework\SpringUsingMaven\src\test\resources
2023-10-22 16:04:22,235 [Worker-130: Building] INFO  o.a.m.s.f.DefaultMavenResourcesFiltering - skip non existing resourceDirectory D:\SpringFramework\SpringUsingMaven\src\main\resources
2023-10-22 16:04:22,239 [Worker-130: Building] INFO  o.a.m.s.f.DefaultMavenResourcesFiltering - skip non existing resourceDirectory D:\SpringFramework\SpringUsingMaven\src\test\resources
2023-10-22 16:05:21,428 [Worker-131: Building] INFO  o.a.m.s.f.DefaultMavenResourcesFiltering - skip non existing resourceDirectory D:\SpringFramework\SpringUsingMaven\src\main\resources
2023-10-22 16:05:21,430 [Worker-131: Building] INFO  o.a.m.s.f.DefaultMavenResourcesFiltering - skip non existing resourceDirectory D:\SpringFramework\SpringUsingMaven\src\test\resources
2023-10-22 16:08:42,968 [Worker-134: Building] INFO  o.a.m.s.f.DefaultMavenResourcesFiltering - skip non existing resourceDirectory D:\SpringFramework\SpringUsingMaven\src\main\resources
2023-10-22 16:08:42,970 [Worker-134: Building] INFO  o.a.m.s.f.DefaultMavenResourcesFiltering - skip non existing resourceDirectory D:\SpringFramework\SpringUsingMaven\src\test\resources
2023-10-22 16:09:32,046 [Worker-124: Building] INFO  o.a.m.s.f.DefaultMavenResourcesFiltering - skip non existing resourceDirectory D:\SpringFramework\SpringUsingMaven\src\main\resources
2023-10-22 16:09:32,047 [Worker-124: Building] INFO  o.a.m.s.f.DefaultMavenResourcesFiltering - skip non existing resourceDirectory D:\SpringFramework\SpringUsingMaven\src\test\resources
2023-10-22 16:09:50,678 [Worker-134: Building] INFO  o.a.m.s.f.DefaultMavenResourcesFiltering - skip non existing resourceDirectory D:\SpringFramework\SpringUsingMaven\src\main\resources
2023-10-22 16:09:50,680 [Worker-134: Building] INFO  o.a.m.s.f.DefaultMavenResourcesFiltering - skip non existing resourceDirectory D:\SpringFramework\SpringUsingMaven\src\test\resources
2023-10-22 16:10:43,415 [Worker-133: Building] INFO  o.a.m.s.f.DefaultMavenResourcesFiltering - skip non existing resourceDirectory D:\SpringFramework\SpringUsingMaven\src\main\resources
2023-10-22 16:10:43,417 [Worker-133: Building] INFO  o.a.m.s.f.DefaultMavenResourcesFiltering - skip non existing resourceDirectory D:\SpringFramework\SpringUsingMaven\src\test\resources
2023-10-22 16:14:30,436 [Worker-130: Building] INFO  o.a.m.s.f.DefaultMavenResourcesFiltering - skip non existing resourceDirectory D:\SpringFramework\SpringUsingMaven\src\main\resources
2023-10-22 16:14:30,439 [Worker-130: Building] INFO  o.a.m.s.f.DefaultMavenResourcesFiltering - skip non existing resourceDirectory D:\SpringFramework\SpringUsingMaven\src\test\resources
2023-10-22 16:15:03,083 [Worker-139: Building] INFO  o.a.m.s.f.DefaultMavenResourcesFiltering - skip non existing resourceDirectory D:\SpringFramework\SpringUsingMaven\src\main\resources
2023-10-22 16:15:03,085 [Worker-139: Building] INFO  o.a.m.s.f.DefaultMavenResourcesFiltering - skip non existing resourceDirectory D:\SpringFramework\SpringUsingMaven\src\test\resources
2023-10-22 16:18:22,219 [Worker-138: Building] INFO  o.a.m.s.f.DefaultMavenResourcesFiltering - skip non existing resourceDirectory D:\SpringFramework\SpringUsingMaven\src\main\resources
2023-10-22 16:18:22,221 [Worker-138: Building] INFO  o.a.m.s.f.DefaultMavenResourcesFiltering - skip non existing resourceDirectory D:\SpringFramework\SpringUsingMaven\src\test\resources
2023-10-22 16:18:39,688 [Worker-130: Building] INFO  o.a.m.s.f.DefaultMavenResourcesFiltering - skip non existing resourceDirectory D:\SpringFramework\SpringUsingMaven\src\main\resources
2023-10-22 16:18:39,690 [Worker-130: Building] INFO  o.a.m.s.f.DefaultMavenResourcesFiltering - skip non existing resourceDirectory D:\SpringFramework\SpringUsingMaven\src\test\resources
2023-10-22 16:20:27,674 [Worker-142: Building] INFO  o.a.m.s.f.DefaultMavenResourcesFiltering - skip non existing resourceDirectory D:\SpringFramework\SpringUsingMaven\src\main\resources
2023-10-22 16:20:27,677 [Worker-142: Building] INFO  o.a.m.s.f.DefaultMavenResourcesFiltering - skip non existing resourceDirectory D:\SpringFramework\SpringUsingMaven\src\test\resources
2023-10-22 16:21:22,575 [Worker-130: Building] INFO  o.a.m.s.f.DefaultMavenResourcesFiltering - skip non existing resourceDirectory D:\SpringFramework\SpringUsingMaven\src\main\resources
2023-10-22 16:21:22,578 [Worker-130: Building] INFO  o.a.m.s.f.DefaultMavenResourcesFiltering - skip non existing resourceDirectory D:\SpringFramework\SpringUsingMaven\src\test\resources
2023-10-22 16:21:50,478 [Worker-130: Building] INFO  o.a.m.s.f.DefaultMavenResourcesFiltering - skip non existing resourceDirectory D:\SpringFramework\SpringUsingMaven\src\main\resources
2023-10-22 16:21:50,480 [Worker-130: Building] INFO  o.a.m.s.f.DefaultMavenResourcesFiltering - skip non existing resourceDirectory D:\SpringFramework\SpringUsingMaven\src\test\resources
2023-10-22 16:24:02,517 [Worker-142: Building] INFO  o.a.m.s.f.DefaultMavenResourcesFiltering - skip non existing resourceDirectory D:\SpringFramework\SpringUsingMaven\src\main\resources
2023-10-22 16:24:02,521 [Worker-142: Building] INFO  o.a.m.s.f.DefaultMavenResourcesFiltering - skip non existing resourceDirectory D:\SpringFramework\SpringUsingMaven\src\test\resources
